INFO - 2024-10-22 21:36:15 --> Session: Class initialized using 'CodeIgniter\Session\Handlers\FileHandler' driver.
WARNING - 2024-10-22 21:36:15 --> [DEPRECATED] Creation of dynamic property App\Controllers\Home::$session is deprecated in APPPATH\Controllers\Home.php on line 16.
 1 SYSTEMPATH\CodeIgniter.php(903): App\Controllers\Home->__construct()
 2 SYSTEMPATH\CodeIgniter.php(500): CodeIgniter\CodeIgniter->createController()
 3 SYSTEMPATH\CodeIgniter.php(355): CodeIgniter\CodeIgniter->handleRequest(null, Object(Config\Cache), false)
 4 SYSTEMPATH\Boot.php(325): CodeIgniter\CodeIgniter->run()
 5 SYSTEMPATH\Boot.php(67): CodeIgniter\Boot::runCodeIgniter(Object(CodeIgniter\CodeIgniter))
 6 FCPATH\index.php(56): CodeIgniter\Boot::bootWeb(Object(Config\Paths))
 7 SYSTEMPATH\rewrite.php(44): require_once('F:\\enDesarrollo\\biblioteca\\public\\index.php')
ERROR - 2024-10-22 21:36:15 --> Error connecting to the database: mysqli_sql_exception: Unknown database 'biblioteca' in F:\enDesarrollo\biblioteca\system\Database\MySQLi\Connection.php:186
Stack trace:
#0 F:\enDesarrollo\biblioteca\system\Database\MySQLi\Connection.php(186): mysqli->real_connect('localhost', 'root', Object(SensitiveParameterValue), 'biblioteca', 3306, '', 0)
#1 F:\enDesarrollo\biblioteca\system\Database\BaseConnection.php(421): CodeIgniter\Database\MySQLi\Connection->connect(false)
#2 F:\enDesarrollo\biblioteca\system\Database\BaseConnection.php(616): CodeIgniter\Database\BaseConnection->initialize()
#3 F:\enDesarrollo\biblioteca\system\Database\BaseBuilder.php(1636): CodeIgniter\Database\BaseConnection->query('SELECT *\nFROM `...', Array, false)
#4 F:\enDesarrollo\biblioteca\system\Model.php(286): CodeIgniter\Database\BaseBuilder->get()
#5 F:\enDesarrollo\biblioteca\system\BaseModel.php(676): CodeIgniter\Model->doFindAll(0, 0)
#6 F:\enDesarrollo\biblioteca\app\Controllers\Home.php(24): CodeIgniter\BaseModel->findAll()
#7 F:\enDesarrollo\biblioteca\system\CodeIgniter.php(933): App\Controllers\Home->index()
#8 F:\enDesarrollo\biblioteca\system\CodeIgniter.php(509): CodeIgniter\CodeIgniter->runController(Object(App\Controllers\Home))
#9 F:\enDesarrollo\biblioteca\system\CodeIgniter.php(355): CodeIgniter\CodeIgniter->handleRequest(NULL, Object(Config\Cache), false)
#10 F:\enDesarrollo\biblioteca\system\Boot.php(325): CodeIgniter\CodeIgniter->run()
#11 F:\enDesarrollo\biblioteca\system\Boot.php(67): CodeIgniter\Boot::runCodeIgniter(Object(CodeIgniter\CodeIgniter))
#12 F:\enDesarrollo\biblioteca\public\index.php(56): CodeIgniter\Boot::bootWeb(Object(Config\Paths))
#13 F:\enDesarrollo\biblioteca\system\rewrite.php(44): require_once('F:\\enDesarrollo...')
#14 {main}

Next CodeIgniter\Database\Exceptions\DatabaseException: Unknown database 'biblioteca' in F:\enDesarrollo\biblioteca\system\Database\MySQLi\Connection.php:231
Stack trace:
#0 F:\enDesarrollo\biblioteca\system\Database\BaseConnection.php(421): CodeIgniter\Database\MySQLi\Connection->connect(false)
#1 F:\enDesarrollo\biblioteca\system\Database\BaseConnection.php(616): CodeIgniter\Database\BaseConnection->initialize()
#2 F:\enDesarrollo\biblioteca\system\Database\BaseBuilder.php(1636): CodeIgniter\Database\BaseConnection->query('SELECT *\nFROM `...', Array, false)
#3 F:\enDesarrollo\biblioteca\system\Model.php(286): CodeIgniter\Database\BaseBuilder->get()
#4 F:\enDesarrollo\biblioteca\system\BaseModel.php(676): CodeIgniter\Model->doFindAll(0, 0)
#5 F:\enDesarrollo\biblioteca\app\Controllers\Home.php(24): CodeIgniter\BaseModel->findAll()
#6 F:\enDesarrollo\biblioteca\system\CodeIgniter.php(933): App\Controllers\Home->index()
#7 F:\enDesarrollo\biblioteca\system\CodeIgniter.php(509): CodeIgniter\CodeIgniter->runController(Object(App\Controllers\Home))
#8 F:\enDesarrollo\biblioteca\system\CodeIgniter.php(355): CodeIgniter\CodeIgniter->handleRequest(NULL, Object(Config\Cache), false)
#9 F:\enDesarrollo\biblioteca\system\Boot.php(325): CodeIgniter\CodeIgniter->run()
#10 F:\enDesarrollo\biblioteca\system\Boot.php(67): CodeIgniter\Boot::runCodeIgniter(Object(CodeIgniter\CodeIgniter))
#11 F:\enDesarrollo\biblioteca\public\index.php(56): CodeIgniter\Boot::bootWeb(Object(Config\Paths))
#12 F:\enDesarrollo\biblioteca\system\rewrite.php(44): require_once('F:\\enDesarrollo...')
#13 {main}
CRITICAL - 2024-10-22 21:36:15 --> CodeIgniter\Database\Exceptions\DatabaseException: Unable to connect to the database.
Main connection [MySQLi]: Unknown database 'biblioteca'
[Method: GET, Route: /]
in SYSTEMPATH\Database\BaseConnection.php on line 467.
 1 SYSTEMPATH\Database\BaseConnection.php(616): CodeIgniter\Database\BaseConnection->initialize()
 2 SYSTEMPATH\Database\BaseBuilder.php(1636): CodeIgniter\Database\BaseConnection->query('SELECT *
FROM `carousel`
WHERE `estado` = :estado:
AND `tipo` = :tipo:', [...], false)
 3 SYSTEMPATH\Model.php(286): CodeIgniter\Database\BaseBuilder->get()
 4 SYSTEMPATH\BaseModel.php(676): CodeIgniter\Model->doFindAll(0, 0)
 5 APPPATH\Controllers\Home.php(24): CodeIgniter\BaseModel->findAll()
 6 SYSTEMPATH\CodeIgniter.php(933): App\Controllers\Home->index()
 7 SYSTEMPATH\CodeIgniter.php(509): CodeIgniter\CodeIgniter->runController(Object(App\Controllers\Home))
 8 SYSTEMPATH\CodeIgniter.php(355): CodeIgniter\CodeIgniter->handleRequest(null, Object(Config\Cache), false)
 9 SYSTEMPATH\Boot.php(325): CodeIgniter\CodeIgniter->run()
10 SYSTEMPATH\Boot.php(67): CodeIgniter\Boot::runCodeIgniter(Object(CodeIgniter\CodeIgniter))
11 FCPATH\index.php(56): CodeIgniter\Boot::bootWeb(Object(Config\Paths))
12 SYSTEMPATH\rewrite.php(44): require_once('F:\\enDesarrollo\\biblioteca\\public\\index.php')
