INFO - 2024-10-28 00:54:57 --> Session: Class initialized using 'CodeIgniter\Session\Handlers\FileHandler' driver.
WARNING - 2024-10-28 00:54:57 --> [DEPRECATED] Creation of dynamic property App\Controllers\Home::$session is deprecated in APPPATH/Controllers/Home.php on line 16.
 1 SYSTEMPATH/CodeIgniter.php(903): App\Controllers\Home->__construct()
 2 SYSTEMPATH/CodeIgniter.php(500): CodeIgniter\CodeIgniter->createController()
 3 SYSTEMPATH/CodeIgniter.php(355): CodeIgniter\CodeIgniter->handleRequest(null, Object(Config\Cache), false)
 4 SYSTEMPATH/Boot.php(325): CodeIgniter\CodeIgniter->run()
 5 SYSTEMPATH/Boot.php(67): CodeIgniter\Boot::runCodeIgniter(Object(CodeIgniter\CodeIgniter))
 6 FCPATH/index.php(56): CodeIgniter\Boot::bootWeb(Object(Config\Paths))
 7 SYSTEMPATH/rewrite.php(44): require_once('/run/media/degante/DEV/enDesarrollo/biblioteca/public/index.php')
ERROR - 2024-10-28 00:54:57 --> Error connecting to the database: mysqli_sql_exception: Access denied for user 'root'@'localhost' in /run/media/degante/DEV/enDesarrollo/biblioteca/system/Database/MySQLi/Connection.php:186
Stack trace:
#0 /run/media/degante/DEV/enDesarrollo/biblioteca/system/Database/MySQLi/Connection.php(186): mysqli->real_connect()
#1 /run/media/degante/DEV/enDesarrollo/biblioteca/system/Database/BaseConnection.php(421): CodeIgniter\Database\MySQLi\Connection->connect()
#2 /run/media/degante/DEV/enDesarrollo/biblioteca/system/Database/BaseConnection.php(616): CodeIgniter\Database\BaseConnection->initialize()
#3 /run/media/degante/DEV/enDesarrollo/biblioteca/system/Database/BaseBuilder.php(1636): CodeIgniter\Database\BaseConnection->query()
#4 /run/media/degante/DEV/enDesarrollo/biblioteca/system/Model.php(286): CodeIgniter\Database\BaseBuilder->get()
#5 /run/media/degante/DEV/enDesarrollo/biblioteca/system/BaseModel.php(676): CodeIgniter\Model->doFindAll()
#6 /run/media/degante/DEV/enDesarrollo/biblioteca/app/Controllers/Home.php(24): CodeIgniter\BaseModel->findAll()
#7 /run/media/degante/DEV/enDesarrollo/biblioteca/system/CodeIgniter.php(933): App\Controllers\Home->index()
#8 /run/media/degante/DEV/enDesarrollo/biblioteca/system/CodeIgniter.php(509): CodeIgniter\CodeIgniter->runController()
#9 /run/media/degante/DEV/enDesarrollo/biblioteca/system/CodeIgniter.php(355): CodeIgniter\CodeIgniter->handleRequest()
#10 /run/media/degante/DEV/enDesarrollo/biblioteca/system/Boot.php(325): CodeIgniter\CodeIgniter->run()
#11 /run/media/degante/DEV/enDesarrollo/biblioteca/system/Boot.php(67): CodeIgniter\Boot::runCodeIgniter()
#12 /run/media/degante/DEV/enDesarrollo/biblioteca/public/index.php(56): CodeIgniter\Boot::bootWeb()
#13 /run/media/degante/DEV/enDesarrollo/biblioteca/system/rewrite.php(44): require_once('...')
#14 {main}

Next CodeIgniter\Database\Exceptions\DatabaseException: Access denied for user '****'@'localhost' in /run/media/degante/DEV/enDesarrollo/biblioteca/system/Database/MySQLi/Connection.php:231
Stack trace:
#0 /run/media/degante/DEV/enDesarrollo/biblioteca/system/Database/BaseConnection.php(421): CodeIgniter\Database\MySQLi\Connection->connect()
#1 /run/media/degante/DEV/enDesarrollo/biblioteca/system/Database/BaseConnection.php(616): CodeIgniter\Database\BaseConnection->initialize()
#2 /run/media/degante/DEV/enDesarrollo/biblioteca/system/Database/BaseBuilder.php(1636): CodeIgniter\Database\BaseConnection->query()
#3 /run/media/degante/DEV/enDesarrollo/biblioteca/system/Model.php(286): CodeIgniter\Database\BaseBuilder->get()
#4 /run/media/degante/DEV/enDesarrollo/biblioteca/system/BaseModel.php(676): CodeIgniter\Model->doFindAll()
#5 /run/media/degante/DEV/enDesarrollo/biblioteca/app/Controllers/Home.php(24): CodeIgniter\BaseModel->findAll()
#6 /run/media/degante/DEV/enDesarrollo/biblioteca/system/CodeIgniter.php(933): App\Controllers\Home->index()
#7 /run/media/degante/DEV/enDesarrollo/biblioteca/system/CodeIgniter.php(509): CodeIgniter\CodeIgniter->runController()
#8 /run/media/degante/DEV/enDesarrollo/biblioteca/system/CodeIgniter.php(355): CodeIgniter\CodeIgniter->handleRequest()
#9 /run/media/degante/DEV/enDesarrollo/biblioteca/system/Boot.php(325): CodeIgniter\CodeIgniter->run()
#10 /run/media/degante/DEV/enDesarrollo/biblioteca/system/Boot.php(67): CodeIgniter\Boot::runCodeIgniter()
#11 /run/media/degante/DEV/enDesarrollo/biblioteca/public/index.php(56): CodeIgniter\Boot::bootWeb()
#12 /run/media/degante/DEV/enDesarrollo/biblioteca/system/rewrite.php(44): require_once('...')
#13 {main}
CRITICAL - 2024-10-28 00:54:57 --> CodeIgniter\Database\Exceptions\DatabaseException: Unable to connect to the database.
Main connection [MySQLi]: Access denied for user '****'@'localhost'
[Method: GET, Route: /]
in SYSTEMPATH/Database/BaseConnection.php on line 467.
 1 SYSTEMPATH/Database/BaseConnection.php(616): CodeIgniter\Database\BaseConnection->initialize()
 2 SYSTEMPATH/Database/BaseBuilder.php(1636): CodeIgniter\Database\BaseConnection->query()
 3 SYSTEMPATH/Model.php(286): CodeIgniter\Database\BaseBuilder->get()
 4 SYSTEMPATH/BaseModel.php(676): CodeIgniter\Model->doFindAll()
 5 APPPATH/Controllers/Home.php(24): CodeIgniter\BaseModel->findAll()
 6 SYSTEMPATH/CodeIgniter.php(933): App\Controllers\Home->index()
 7 SYSTEMPATH/CodeIgniter.php(509): CodeIgniter\CodeIgniter->runController()
 8 SYSTEMPATH/CodeIgniter.php(355): CodeIgniter\CodeIgniter->handleRequest()
 9 SYSTEMPATH/Boot.php(325): CodeIgniter\CodeIgniter->run()
10 SYSTEMPATH/Boot.php(67): CodeIgniter\Boot::runCodeIgniter()
11 FCPATH/index.php(56): CodeIgniter\Boot::bootWeb()
12 SYSTEMPATH/rewrite.php(44): require_once('/run/media/degante/DEV/enDesarrollo/biblioteca/public/index.php')
INFO - 2024-10-28 01:25:07 --> Session: Class initialized using 'CodeIgniter\Session\Handlers\FileHandler' driver.
WARNING - 2024-10-28 01:25:07 --> [DEPRECATED] Creation of dynamic property App\Controllers\Home::$session is deprecated in APPPATH/Controllers/Home.php on line 16.
 1 SYSTEMPATH/CodeIgniter.php(903): App\Controllers\Home->__construct()
 2 SYSTEMPATH/CodeIgniter.php(500): CodeIgniter\CodeIgniter->createController()
 3 SYSTEMPATH/CodeIgniter.php(355): CodeIgniter\CodeIgniter->handleRequest(null, Object(Config\Cache), false)
 4 SYSTEMPATH/Boot.php(325): CodeIgniter\CodeIgniter->run()
 5 SYSTEMPATH/Boot.php(67): CodeIgniter\Boot::runCodeIgniter(Object(CodeIgniter\CodeIgniter))
 6 FCPATH/index.php(56): CodeIgniter\Boot::bootWeb(Object(Config\Paths))
 7 SYSTEMPATH/rewrite.php(44): require_once('/run/media/degante/DEV/enDesarrollo/biblioteca/public/index.php')
ERROR - 2024-10-28 01:25:07 --> Error connecting to the database: mysqli_sql_exception: Access denied for user 'root'@'localhost' in /run/media/degante/DEV/enDesarrollo/biblioteca/system/Database/MySQLi/Connection.php:186
Stack trace:
#0 /run/media/degante/DEV/enDesarrollo/biblioteca/system/Database/MySQLi/Connection.php(186): mysqli->real_connect()
#1 /run/media/degante/DEV/enDesarrollo/biblioteca/system/Database/BaseConnection.php(421): CodeIgniter\Database\MySQLi\Connection->connect()
#2 /run/media/degante/DEV/enDesarrollo/biblioteca/system/Database/BaseConnection.php(616): CodeIgniter\Database\BaseConnection->initialize()
#3 /run/media/degante/DEV/enDesarrollo/biblioteca/system/Database/BaseBuilder.php(1636): CodeIgniter\Database\BaseConnection->query()
#4 /run/media/degante/DEV/enDesarrollo/biblioteca/system/Model.php(286): CodeIgniter\Database\BaseBuilder->get()
#5 /run/media/degante/DEV/enDesarrollo/biblioteca/system/BaseModel.php(676): CodeIgniter\Model->doFindAll()
#6 /run/media/degante/DEV/enDesarrollo/biblioteca/app/Controllers/Home.php(24): CodeIgniter\BaseModel->findAll()
#7 /run/media/degante/DEV/enDesarrollo/biblioteca/system/CodeIgniter.php(933): App\Controllers\Home->index()
#8 /run/media/degante/DEV/enDesarrollo/biblioteca/system/CodeIgniter.php(509): CodeIgniter\CodeIgniter->runController()
#9 /run/media/degante/DEV/enDesarrollo/biblioteca/system/CodeIgniter.php(355): CodeIgniter\CodeIgniter->handleRequest()
#10 /run/media/degante/DEV/enDesarrollo/biblioteca/system/Boot.php(325): CodeIgniter\CodeIgniter->run()
#11 /run/media/degante/DEV/enDesarrollo/biblioteca/system/Boot.php(67): CodeIgniter\Boot::runCodeIgniter()
#12 /run/media/degante/DEV/enDesarrollo/biblioteca/public/index.php(56): CodeIgniter\Boot::bootWeb()
#13 /run/media/degante/DEV/enDesarrollo/biblioteca/system/rewrite.php(44): require_once('...')
#14 {main}

Next CodeIgniter\Database\Exceptions\DatabaseException: Access denied for user '****'@'localhost' in /run/media/degante/DEV/enDesarrollo/biblioteca/system/Database/MySQLi/Connection.php:231
Stack trace:
#0 /run/media/degante/DEV/enDesarrollo/biblioteca/system/Database/BaseConnection.php(421): CodeIgniter\Database\MySQLi\Connection->connect()
#1 /run/media/degante/DEV/enDesarrollo/biblioteca/system/Database/BaseConnection.php(616): CodeIgniter\Database\BaseConnection->initialize()
#2 /run/media/degante/DEV/enDesarrollo/biblioteca/system/Database/BaseBuilder.php(1636): CodeIgniter\Database\BaseConnection->query()
#3 /run/media/degante/DEV/enDesarrollo/biblioteca/system/Model.php(286): CodeIgniter\Database\BaseBuilder->get()
#4 /run/media/degante/DEV/enDesarrollo/biblioteca/system/BaseModel.php(676): CodeIgniter\Model->doFindAll()
#5 /run/media/degante/DEV/enDesarrollo/biblioteca/app/Controllers/Home.php(24): CodeIgniter\BaseModel->findAll()
#6 /run/media/degante/DEV/enDesarrollo/biblioteca/system/CodeIgniter.php(933): App\Controllers\Home->index()
#7 /run/media/degante/DEV/enDesarrollo/biblioteca/system/CodeIgniter.php(509): CodeIgniter\CodeIgniter->runController()
#8 /run/media/degante/DEV/enDesarrollo/biblioteca/system/CodeIgniter.php(355): CodeIgniter\CodeIgniter->handleRequest()
#9 /run/media/degante/DEV/enDesarrollo/biblioteca/system/Boot.php(325): CodeIgniter\CodeIgniter->run()
#10 /run/media/degante/DEV/enDesarrollo/biblioteca/system/Boot.php(67): CodeIgniter\Boot::runCodeIgniter()
#11 /run/media/degante/DEV/enDesarrollo/biblioteca/public/index.php(56): CodeIgniter\Boot::bootWeb()
#12 /run/media/degante/DEV/enDesarrollo/biblioteca/system/rewrite.php(44): require_once('...')
#13 {main}
CRITICAL - 2024-10-28 01:25:07 --> CodeIgniter\Database\Exceptions\DatabaseException: Unable to connect to the database.
Main connection [MySQLi]: Access denied for user '****'@'localhost'
[Method: GET, Route: /]
in SYSTEMPATH/Database/BaseConnection.php on line 467.
 1 SYSTEMPATH/Database/BaseConnection.php(616): CodeIgniter\Database\BaseConnection->initialize()
 2 SYSTEMPATH/Database/BaseBuilder.php(1636): CodeIgniter\Database\BaseConnection->query()
 3 SYSTEMPATH/Model.php(286): CodeIgniter\Database\BaseBuilder->get()
 4 SYSTEMPATH/BaseModel.php(676): CodeIgniter\Model->doFindAll()
 5 APPPATH/Controllers/Home.php(24): CodeIgniter\BaseModel->findAll()
 6 SYSTEMPATH/CodeIgniter.php(933): App\Controllers\Home->index()
 7 SYSTEMPATH/CodeIgniter.php(509): CodeIgniter\CodeIgniter->runController()
 8 SYSTEMPATH/CodeIgniter.php(355): CodeIgniter\CodeIgniter->handleRequest()
 9 SYSTEMPATH/Boot.php(325): CodeIgniter\CodeIgniter->run()
10 SYSTEMPATH/Boot.php(67): CodeIgniter\Boot::runCodeIgniter()
11 FCPATH/index.php(56): CodeIgniter\Boot::bootWeb()
12 SYSTEMPATH/rewrite.php(44): require_once('/run/media/degante/DEV/enDesarrollo/biblioteca/public/index.php')
INFO - 2024-10-28 01:28:17 --> Session: Class initialized using 'CodeIgniter\Session\Handlers\FileHandler' driver.
WARNING - 2024-10-28 01:28:17 --> [DEPRECATED] Creation of dynamic property App\Controllers\Home::$session is deprecated in APPPATH/Controllers/Home.php on line 16.
 1 SYSTEMPATH/CodeIgniter.php(903): App\Controllers\Home->__construct()
 2 SYSTEMPATH/CodeIgniter.php(500): CodeIgniter\CodeIgniter->createController()
 3 SYSTEMPATH/CodeIgniter.php(355): CodeIgniter\CodeIgniter->handleRequest(null, Object(Config\Cache), false)
 4 SYSTEMPATH/Boot.php(325): CodeIgniter\CodeIgniter->run()
 5 SYSTEMPATH/Boot.php(67): CodeIgniter\Boot::runCodeIgniter(Object(CodeIgniter\CodeIgniter))
 6 FCPATH/index.php(56): CodeIgniter\Boot::bootWeb(Object(Config\Paths))
 7 SYSTEMPATH/rewrite.php(44): require_once('/run/media/degante/DEV/enDesarrollo/biblioteca/public/index.php')
INFO - 2024-10-28 01:28:23 --> Session: Class initialized using 'CodeIgniter\Session\Handlers\FileHandler' driver.
WARNING - 2024-10-28 01:28:23 --> [DEPRECATED] Creation of dynamic property App\Controllers\Home::$session is deprecated in APPPATH/Controllers/Home.php on line 16.
 1 SYSTEMPATH/CodeIgniter.php(903): App\Controllers\Home->__construct()
 2 SYSTEMPATH/CodeIgniter.php(500): CodeIgniter\CodeIgniter->createController()
 3 SYSTEMPATH/CodeIgniter.php(355): CodeIgniter\CodeIgniter->handleRequest(null, Object(Config\Cache), false)
 4 SYSTEMPATH/Boot.php(325): CodeIgniter\CodeIgniter->run()
 5 SYSTEMPATH/Boot.php(67): CodeIgniter\Boot::runCodeIgniter(Object(CodeIgniter\CodeIgniter))
 6 FCPATH/index.php(56): CodeIgniter\Boot::bootWeb(Object(Config\Paths))
 7 SYSTEMPATH/rewrite.php(44): require_once('/run/media/degante/DEV/enDesarrollo/biblioteca/public/index.php')
INFO - 2024-10-28 01:28:26 --> Session: Class initialized using 'CodeIgniter\Session\Handlers\FileHandler' driver.
WARNING - 2024-10-28 01:28:26 --> [DEPRECATED] Creation of dynamic property App\Controllers\Home::$session is deprecated in APPPATH/Controllers/Home.php on line 16.
 1 SYSTEMPATH/CodeIgniter.php(903): App\Controllers\Home->__construct()
 2 SYSTEMPATH/CodeIgniter.php(500): CodeIgniter\CodeIgniter->createController()
 3 SYSTEMPATH/CodeIgniter.php(355): CodeIgniter\CodeIgniter->handleRequest(null, Object(Config\Cache), false)
 4 SYSTEMPATH/Boot.php(325): CodeIgniter\CodeIgniter->run()
 5 SYSTEMPATH/Boot.php(67): CodeIgniter\Boot::runCodeIgniter(Object(CodeIgniter\CodeIgniter))
 6 FCPATH/index.php(56): CodeIgniter\Boot::bootWeb(Object(Config\Paths))
 7 SYSTEMPATH/rewrite.php(44): require_once('/run/media/degante/DEV/enDesarrollo/biblioteca/public/index.php')
INFO - 2024-10-28 01:28:44 --> Session: Class initialized using 'CodeIgniter\Session\Handlers\FileHandler' driver.
WARNING - 2024-10-28 01:28:44 --> [DEPRECATED] Creation of dynamic property App\Controllers\Home::$session is deprecated in APPPATH/Controllers/Home.php on line 16.
 1 SYSTEMPATH/CodeIgniter.php(903): App\Controllers\Home->__construct()
 2 SYSTEMPATH/CodeIgniter.php(500): CodeIgniter\CodeIgniter->createController()
 3 SYSTEMPATH/CodeIgniter.php(355): CodeIgniter\CodeIgniter->handleRequest(null, Object(Config\Cache), false)
 4 SYSTEMPATH/Boot.php(325): CodeIgniter\CodeIgniter->run()
 5 SYSTEMPATH/Boot.php(67): CodeIgniter\Boot::runCodeIgniter(Object(CodeIgniter\CodeIgniter))
 6 FCPATH/index.php(56): CodeIgniter\Boot::bootWeb(Object(Config\Paths))
 7 SYSTEMPATH/rewrite.php(44): require_once('/run/media/degante/DEV/enDesarrollo/biblioteca/public/index.php')
INFO - 2024-10-28 01:29:06 --> Session: Class initialized using 'CodeIgniter\Session\Handlers\FileHandler' driver.
WARNING - 2024-10-28 01:29:06 --> [DEPRECATED] Creation of dynamic property App\Controllers\Home::$session is deprecated in APPPATH/Controllers/Home.php on line 16.
 1 SYSTEMPATH/CodeIgniter.php(903): App\Controllers\Home->__construct()
 2 SYSTEMPATH/CodeIgniter.php(500): CodeIgniter\CodeIgniter->createController()
 3 SYSTEMPATH/CodeIgniter.php(355): CodeIgniter\CodeIgniter->handleRequest(null, Object(Config\Cache), false)
 4 SYSTEMPATH/Boot.php(325): CodeIgniter\CodeIgniter->run()
 5 SYSTEMPATH/Boot.php(67): CodeIgniter\Boot::runCodeIgniter(Object(CodeIgniter\CodeIgniter))
 6 FCPATH/index.php(56): CodeIgniter\Boot::bootWeb(Object(Config\Paths))
 7 SYSTEMPATH/rewrite.php(44): require_once('/run/media/degante/DEV/enDesarrollo/biblioteca/public/index.php')
INFO - 2024-10-28 01:29:08 --> Session: Class initialized using 'CodeIgniter\Session\Handlers\FileHandler' driver.
INFO - 2024-10-28 01:29:17 --> Session: Class initialized using 'CodeIgniter\Session\Handlers\FileHandler' driver.
INFO - 2024-10-28 01:29:17 --> Session: Class initialized using 'CodeIgniter\Session\Handlers\FileHandler' driver.
INFO - 2024-10-28 01:29:20 --> Session: Class initialized using 'CodeIgniter\Session\Handlers\FileHandler' driver.
INFO - 2024-10-28 01:29:28 --> Session: Class initialized using 'CodeIgniter\Session\Handlers\FileHandler' driver.
INFO - 2024-10-28 01:29:28 --> Session: Class initialized using 'CodeIgniter\Session\Handlers\FileHandler' driver.
INFO - 2024-10-28 01:30:02 --> Session: Class initialized using 'CodeIgniter\Session\Handlers\FileHandler' driver.
INFO - 2024-10-28 01:30:07 --> Session: Class initialized using 'CodeIgniter\Session\Handlers\FileHandler' driver.
INFO - 2024-10-28 01:30:07 --> Session: Class initialized using 'CodeIgniter\Session\Handlers\FileHandler' driver.
INFO - 2024-10-28 01:30:14 --> Session: Class initialized using 'CodeIgniter\Session\Handlers\FileHandler' driver.
INFO - 2024-10-28 01:30:14 --> Session: Class initialized using 'CodeIgniter\Session\Handlers\FileHandler' driver.
INFO - 2024-10-28 01:30:22 --> Session: Class initialized using 'CodeIgniter\Session\Handlers\FileHandler' driver.
INFO - 2024-10-28 01:30:29 --> Session: Class initialized using 'CodeIgniter\Session\Handlers\FileHandler' driver.
INFO - 2024-10-28 01:30:32 --> Session: Class initialized using 'CodeIgniter\Session\Handlers\FileHandler' driver.
INFO - 2024-10-28 01:30:35 --> Session: Class initialized using 'CodeIgniter\Session\Handlers\FileHandler' driver.
INFO - 2024-10-28 01:30:41 --> Session: Class initialized using 'CodeIgniter\Session\Handlers\FileHandler' driver.
INFO - 2024-10-28 01:32:19 --> Session: Class initialized using 'CodeIgniter\Session\Handlers\FileHandler' driver.
INFO - 2024-10-28 01:32:21 --> Session: Class initialized using 'CodeIgniter\Session\Handlers\FileHandler' driver.
INFO - 2024-10-28 01:32:26 --> Session: Class initialized using 'CodeIgniter\Session\Handlers\FileHandler' driver.
INFO - 2024-10-28 01:32:30 --> Session: Class initialized using 'CodeIgniter\Session\Handlers\FileHandler' driver.
INFO - 2024-10-28 01:32:33 --> Session: Class initialized using 'CodeIgniter\Session\Handlers\FileHandler' driver.
INFO - 2024-10-28 01:32:34 --> Session: Class initialized using 'CodeIgniter\Session\Handlers\FileHandler' driver.
INFO - 2024-10-28 01:32:37 --> Session: Class initialized using 'CodeIgniter\Session\Handlers\FileHandler' driver.
INFO - 2024-10-28 01:32:37 --> Session: Class initialized using 'CodeIgniter\Session\Handlers\FileHandler' driver.
INFO - 2024-10-28 01:32:41 --> Session: Class initialized using 'CodeIgniter\Session\Handlers\FileHandler' driver.
INFO - 2024-10-28 01:32:41 --> Session: Class initialized using 'CodeIgniter\Session\Handlers\FileHandler' driver.
INFO - 2024-10-28 01:33:01 --> Session: Class initialized using 'CodeIgniter\Session\Handlers\FileHandler' driver.
INFO - 2024-10-28 01:33:02 --> Session: Class initialized using 'CodeIgniter\Session\Handlers\FileHandler' driver.
CRITICAL - 2024-10-28 01:33:02 --> CodeIgniter\View\Exceptions\ViewException: Invalid file: "libros/step1_autores.php"
[Method: GET, Route: admin/recursos/step1]
in SYSTEMPATH/Exceptions/FrameworkException.php on line 41.
 1 SYSTEMPATH/View/View.php(222): CodeIgniter\Exceptions\FrameworkException::forInvalidFile()
 2 SYSTEMPATH/Common.php(1171): CodeIgniter\View\View->render()
 3 APPPATH/Controllers/Recursos.php(277): view()
 4 SYSTEMPATH/CodeIgniter.php(933): App\Controllers\Recursos->step1_autores()
 5 SYSTEMPATH/CodeIgniter.php(509): CodeIgniter\CodeIgniter->runController()
 6 SYSTEMPATH/CodeIgniter.php(355): CodeIgniter\CodeIgniter->handleRequest()
 7 SYSTEMPATH/Boot.php(325): CodeIgniter\CodeIgniter->run()
 8 SYSTEMPATH/Boot.php(67): CodeIgniter\Boot::runCodeIgniter()
 9 FCPATH/index.php(56): CodeIgniter\Boot::bootWeb()
10 SYSTEMPATH/rewrite.php(44): require_once('/run/media/degante/DEV/enDesarrollo/biblioteca/public/index.php')
INFO - 2024-10-28 01:33:27 --> Session: Class initialized using 'CodeIgniter\Session\Handlers\FileHandler' driver.
CRITICAL - 2024-10-28 01:33:27 --> CodeIgniter\View\Exceptions\ViewException: Invalid file: "admin/libros/step1_autores.php"
[Method: GET, Route: admin/recursos/step1]
in SYSTEMPATH/Exceptions/FrameworkException.php on line 41.
 1 SYSTEMPATH/View/View.php(222): CodeIgniter\Exceptions\FrameworkException::forInvalidFile()
 2 SYSTEMPATH/Common.php(1171): CodeIgniter\View\View->render()
 3 APPPATH/Controllers/Recursos.php(277): view()
 4 SYSTEMPATH/CodeIgniter.php(933): App\Controllers\Recursos->step1_autores()
 5 SYSTEMPATH/CodeIgniter.php(509): CodeIgniter\CodeIgniter->runController()
 6 SYSTEMPATH/CodeIgniter.php(355): CodeIgniter\CodeIgniter->handleRequest()
 7 SYSTEMPATH/Boot.php(325): CodeIgniter\CodeIgniter->run()
 8 SYSTEMPATH/Boot.php(67): CodeIgniter\Boot::runCodeIgniter()
 9 FCPATH/index.php(56): CodeIgniter\Boot::bootWeb()
10 SYSTEMPATH/rewrite.php(44): require_once('/run/media/degante/DEV/enDesarrollo/biblioteca/public/index.php')
INFO - 2024-10-28 01:33:30 --> Session: Class initialized using 'CodeIgniter\Session\Handlers\FileHandler' driver.
CRITICAL - 2024-10-28 01:33:30 --> CodeIgniter\View\Exceptions\ViewException: Invalid file: "admin/libros/step1_autores.php"
[Method: GET, Route: admin/recursos/step1]
in SYSTEMPATH/Exceptions/FrameworkException.php on line 41.
 1 SYSTEMPATH/View/View.php(222): CodeIgniter\Exceptions\FrameworkException::forInvalidFile()
 2 SYSTEMPATH/Common.php(1171): CodeIgniter\View\View->render()
 3 APPPATH/Controllers/Recursos.php(277): view()
 4 SYSTEMPATH/CodeIgniter.php(933): App\Controllers\Recursos->step1_autores()
 5 SYSTEMPATH/CodeIgniter.php(509): CodeIgniter\CodeIgniter->runController()
 6 SYSTEMPATH/CodeIgniter.php(355): CodeIgniter\CodeIgniter->handleRequest()
 7 SYSTEMPATH/Boot.php(325): CodeIgniter\CodeIgniter->run()
 8 SYSTEMPATH/Boot.php(67): CodeIgniter\Boot::runCodeIgniter()
 9 FCPATH/index.php(56): CodeIgniter\Boot::bootWeb()
10 SYSTEMPATH/rewrite.php(44): require_once('/run/media/degante/DEV/enDesarrollo/biblioteca/public/index.php')
INFO - 2024-10-28 01:33:59 --> Session: Class initialized using 'CodeIgniter\Session\Handlers\FileHandler' driver.
INFO - 2024-10-28 01:34:08 --> Session: Class initialized using 'CodeIgniter\Session\Handlers\FileHandler' driver.
INFO - 2024-10-28 01:41:25 --> Session: Class initialized using 'CodeIgniter\Session\Handlers\FileHandler' driver.
INFO - 2024-10-28 01:42:17 --> Session: Class initialized using 'CodeIgniter\Session\Handlers\FileHandler' driver.
INFO - 2024-10-28 01:43:04 --> Session: Class initialized using 'CodeIgniter\Session\Handlers\FileHandler' driver.
INFO - 2024-10-28 01:43:23 --> Session: Class initialized using 'CodeIgniter\Session\Handlers\FileHandler' driver.
INFO - 2024-10-28 01:44:29 --> Session: Class initialized using 'CodeIgniter\Session\Handlers\FileHandler' driver.
INFO - 2024-10-28 01:45:19 --> Session: Class initialized using 'CodeIgniter\Session\Handlers\FileHandler' driver.
INFO - 2024-10-28 01:45:21 --> Session: Class initialized using 'CodeIgniter\Session\Handlers\FileHandler' driver.
INFO - 2024-10-28 01:45:29 --> Session: Class initialized using 'CodeIgniter\Session\Handlers\FileHandler' driver.
INFO - 2024-10-28 01:45:29 --> Session: Class initialized using 'CodeIgniter\Session\Handlers\FileHandler' driver.
CRITICAL - 2024-10-28 01:45:29 --> ErrorException: Undefined property: App\Controllers\Recursos::$categoriaModel
[Method: GET, Route: admin/recursos/step2]
in APPPATH/Controllers/Recursos.php on line 301.
 1 APPPATH/Controllers/Recursos.php(301): CodeIgniter\Debug\Exceptions->errorHandler()
 2 SYSTEMPATH/CodeIgniter.php(933): App\Controllers\Recursos->step2_categoria()
 3 SYSTEMPATH/CodeIgniter.php(509): CodeIgniter\CodeIgniter->runController()
 4 SYSTEMPATH/CodeIgniter.php(355): CodeIgniter\CodeIgniter->handleRequest()
 5 SYSTEMPATH/Boot.php(325): CodeIgniter\CodeIgniter->run()
 6 SYSTEMPATH/Boot.php(67): CodeIgniter\Boot::runCodeIgniter()
 7 FCPATH/index.php(56): CodeIgniter\Boot::bootWeb()
 8 SYSTEMPATH/rewrite.php(44): require_once('/run/media/degante/DEV/enDesarrollo/biblioteca/public/index.php')
INFO - 2024-10-28 02:15:42 --> Session: Class initialized using 'CodeIgniter\Session\Handlers\FileHandler' driver.
CRITICAL - 2024-10-28 02:15:42 --> CodeIgniter\View\Exceptions\ViewException: Invalid file: "admin/recursos/step2_categoria.php"
[Method: GET, Route: admin/recursos/step2]
in SYSTEMPATH/Exceptions/FrameworkException.php on line 41.
 1 SYSTEMPATH/View/View.php(222): CodeIgniter\Exceptions\FrameworkException::forInvalidFile()
 2 SYSTEMPATH/Common.php(1171): CodeIgniter\View\View->render()
 3 APPPATH/Controllers/Recursos.php(302): view()
 4 SYSTEMPATH/CodeIgniter.php(933): App\Controllers\Recursos->step2_categoria()
 5 SYSTEMPATH/CodeIgniter.php(509): CodeIgniter\CodeIgniter->runController()
 6 SYSTEMPATH/CodeIgniter.php(355): CodeIgniter\CodeIgniter->handleRequest()
 7 SYSTEMPATH/Boot.php(325): CodeIgniter\CodeIgniter->run()
 8 SYSTEMPATH/Boot.php(67): CodeIgniter\Boot::runCodeIgniter()
 9 FCPATH/index.php(56): CodeIgniter\Boot::bootWeb()
10 SYSTEMPATH/rewrite.php(44): require_once('/run/media/degante/DEV/enDesarrollo/biblioteca/public/index.php')
INFO - 2024-10-28 02:16:35 --> Session: Class initialized using 'CodeIgniter\Session\Handlers\FileHandler' driver.
INFO - 2024-10-28 02:17:08 --> Session: Class initialized using 'CodeIgniter\Session\Handlers\FileHandler' driver.
INFO - 2024-10-28 02:21:00 --> Session: Class initialized using 'CodeIgniter\Session\Handlers\FileHandler' driver.
INFO - 2024-10-28 02:21:30 --> Session: Class initialized using 'CodeIgniter\Session\Handlers\FileHandler' driver.
INFO - 2024-10-28 02:23:21 --> Session: Class initialized using 'CodeIgniter\Session\Handlers\FileHandler' driver.
INFO - 2024-10-28 02:23:55 --> Session: Class initialized using 'CodeIgniter\Session\Handlers\FileHandler' driver.
INFO - 2024-10-28 02:24:32 --> Session: Class initialized using 'CodeIgniter\Session\Handlers\FileHandler' driver.
INFO - 2024-10-28 02:25:05 --> Session: Class initialized using 'CodeIgniter\Session\Handlers\FileHandler' driver.
INFO - 2024-10-28 14:54:16 --> Session: Class initialized using 'CodeIgniter\Session\Handlers\FileHandler' driver.
WARNING - 2024-10-28 14:54:16 --> [DEPRECATED] Creation of dynamic property App\Controllers\Home::$session is deprecated in APPPATH/Controllers/Home.php on line 16.
 1 SYSTEMPATH/CodeIgniter.php(903): App\Controllers\Home->__construct()
 2 SYSTEMPATH/CodeIgniter.php(500): CodeIgniter\CodeIgniter->createController()
 3 SYSTEMPATH/CodeIgniter.php(355): CodeIgniter\CodeIgniter->handleRequest(null, Object(Config\Cache), false)
 4 SYSTEMPATH/Boot.php(325): CodeIgniter\CodeIgniter->run()
 5 SYSTEMPATH/Boot.php(67): CodeIgniter\Boot::runCodeIgniter(Object(CodeIgniter\CodeIgniter))
 6 FCPATH/index.php(56): CodeIgniter\Boot::bootWeb(Object(Config\Paths))
 7 SYSTEMPATH/rewrite.php(44): require_once('/run/media/degante/DEV/enDesarrollo/biblioteca/public/index.php')
INFO - 2024-10-28 14:54:19 --> Session: Class initialized using 'CodeIgniter\Session\Handlers\FileHandler' driver.
INFO - 2024-10-28 14:54:26 --> Session: Class initialized using 'CodeIgniter\Session\Handlers\FileHandler' driver.
INFO - 2024-10-28 14:54:26 --> Session: Class initialized using 'CodeIgniter\Session\Handlers\FileHandler' driver.
INFO - 2024-10-28 14:54:29 --> Session: Class initialized using 'CodeIgniter\Session\Handlers\FileHandler' driver.
INFO - 2024-10-28 14:54:31 --> Session: Class initialized using 'CodeIgniter\Session\Handlers\FileHandler' driver.
INFO - 2024-10-28 14:54:38 --> Session: Class initialized using 'CodeIgniter\Session\Handlers\FileHandler' driver.
INFO - 2024-10-28 14:54:38 --> Session: Class initialized using 'CodeIgniter\Session\Handlers\FileHandler' driver.
INFO - 2024-10-28 14:54:48 --> Session: Class initialized using 'CodeIgniter\Session\Handlers\FileHandler' driver.
INFO - 2024-10-28 14:54:48 --> Session: Class initialized using 'CodeIgniter\Session\Handlers\FileHandler' driver.
CRITICAL - 2024-10-28 14:54:48 --> CodeIgniter\View\Exceptions\ViewException: Invalid file: "admin/recursos/step3_libro.php"
[Method: GET, Route: admin/recursos/step3]
in SYSTEMPATH/Exceptions/FrameworkException.php on line 41.
 1 SYSTEMPATH/View/View.php(222): CodeIgniter\Exceptions\FrameworkException::forInvalidFile()
 2 SYSTEMPATH/Common.php(1171): CodeIgniter\View\View->render()
 3 APPPATH/Controllers/Recursos.php(323): view()
 4 SYSTEMPATH/CodeIgniter.php(933): App\Controllers\Recursos->step3_libro()
 5 SYSTEMPATH/CodeIgniter.php(509): CodeIgniter\CodeIgniter->runController()
 6 SYSTEMPATH/CodeIgniter.php(355): CodeIgniter\CodeIgniter->handleRequest()
 7 SYSTEMPATH/Boot.php(325): CodeIgniter\CodeIgniter->run()
 8 SYSTEMPATH/Boot.php(67): CodeIgniter\Boot::runCodeIgniter()
 9 FCPATH/index.php(56): CodeIgniter\Boot::bootWeb()
10 SYSTEMPATH/rewrite.php(44): require_once('/run/media/degante/DEV/enDesarrollo/biblioteca/public/index.php')
INFO - 2024-10-28 14:56:23 --> Session: Class initialized using 'CodeIgniter\Session\Handlers\FileHandler' driver.
INFO - 2024-10-28 20:15:01 --> Session: Class initialized using 'CodeIgniter\Session\Handlers\FileHandler' driver.
WARNING - 2024-10-28 20:15:01 --> [DEPRECATED] Creation of dynamic property App\Controllers\Home::$session is deprecated in APPPATH/Controllers/Home.php on line 16.
 1 SYSTEMPATH/CodeIgniter.php(903): App\Controllers\Home->__construct()
 2 SYSTEMPATH/CodeIgniter.php(500): CodeIgniter\CodeIgniter->createController()
 3 SYSTEMPATH/CodeIgniter.php(355): CodeIgniter\CodeIgniter->handleRequest(null, Object(Config\Cache), false)
 4 SYSTEMPATH/Boot.php(325): CodeIgniter\CodeIgniter->run()
 5 SYSTEMPATH/Boot.php(67): CodeIgniter\Boot::runCodeIgniter(Object(CodeIgniter\CodeIgniter))
 6 FCPATH/index.php(56): CodeIgniter\Boot::bootWeb(Object(Config\Paths))
 7 SYSTEMPATH/rewrite.php(44): require_once('/run/media/degante/DEV/enDesarrollo/biblioteca/public/index.php')
INFO - 2024-10-28 20:15:03 --> Session: Class initialized using 'CodeIgniter\Session\Handlers\FileHandler' driver.
INFO - 2024-10-28 20:15:12 --> Session: Class initialized using 'CodeIgniter\Session\Handlers\FileHandler' driver.
INFO - 2024-10-28 20:15:12 --> Session: Class initialized using 'CodeIgniter\Session\Handlers\FileHandler' driver.
INFO - 2024-10-28 20:15:18 --> Session: Class initialized using 'CodeIgniter\Session\Handlers\FileHandler' driver.
INFO - 2024-10-28 20:15:21 --> Session: Class initialized using 'CodeIgniter\Session\Handlers\FileHandler' driver.
INFO - 2024-10-28 20:15:52 --> Session: Class initialized using 'CodeIgniter\Session\Handlers\FileHandler' driver.
INFO - 2024-10-28 20:16:09 --> Session: Class initialized using 'CodeIgniter\Session\Handlers\FileHandler' driver.
INFO - 2024-10-28 20:16:41 --> Session: Class initialized using 'CodeIgniter\Session\Handlers\FileHandler' driver.
INFO - 2024-10-28 20:16:52 --> Session: Class initialized using 'CodeIgniter\Session\Handlers\FileHandler' driver.
INFO - 2024-10-28 20:35:33 --> Session: Class initialized using 'CodeIgniter\Session\Handlers\FileHandler' driver.
INFO - 2024-10-28 20:35:46 --> Session: Class initialized using 'CodeIgniter\Session\Handlers\FileHandler' driver.
INFO - 2024-10-28 20:35:46 --> Session: Class initialized using 'CodeIgniter\Session\Handlers\FileHandler' driver.
INFO - 2024-10-28 20:35:52 --> Session: Class initialized using 'CodeIgniter\Session\Handlers\FileHandler' driver.
INFO - 2024-10-28 20:35:52 --> Session: Class initialized using 'CodeIgniter\Session\Handlers\FileHandler' driver.
INFO - 2024-10-28 20:45:43 --> Session: Class initialized using 'CodeIgniter\Session\Handlers\FileHandler' driver.
INFO - 2024-10-28 20:55:11 --> Session: Class initialized using 'CodeIgniter\Session\Handlers\FileHandler' driver.
CRITICAL - 2024-10-28 20:55:11 --> CodeIgniter\View\Exceptions\ViewException: Invalid file: "admin/recursos/step3_recurso.php"
[Method: GET, Route: admin/recursos/step3]
in SYSTEMPATH/Exceptions/FrameworkException.php on line 41.
 1 SYSTEMPATH/View/View.php(222): CodeIgniter\Exceptions\FrameworkException::forInvalidFile()
 2 SYSTEMPATH/Common.php(1171): CodeIgniter\View\View->render()
 3 APPPATH/Controllers/Recursos.php(351): view()
 4 SYSTEMPATH/CodeIgniter.php(933): App\Controllers\Recursos->step3_libro()
 5 SYSTEMPATH/CodeIgniter.php(509): CodeIgniter\CodeIgniter->runController()
 6 SYSTEMPATH/CodeIgniter.php(355): CodeIgniter\CodeIgniter->handleRequest()
 7 SYSTEMPATH/Boot.php(325): CodeIgniter\CodeIgniter->run()
 8 SYSTEMPATH/Boot.php(67): CodeIgniter\Boot::runCodeIgniter()
 9 FCPATH/index.php(56): CodeIgniter\Boot::bootWeb()
10 SYSTEMPATH/rewrite.php(44): require_once('/run/media/degante/DEV/enDesarrollo/biblioteca/public/index.php')
INFO - 2024-10-28 20:55:36 --> Session: Class initialized using 'CodeIgniter\Session\Handlers\FileHandler' driver.
CRITICAL - 2024-10-28 20:55:36 --> CodeIgniter\View\Exceptions\ViewException: Invalid file: "admin/recursos/step3_recurso.php"
[Method: GET, Route: admin/recursos/step3]
in SYSTEMPATH/Exceptions/FrameworkException.php on line 41.
 1 SYSTEMPATH/View/View.php(222): CodeIgniter\Exceptions\FrameworkException::forInvalidFile()
 2 SYSTEMPATH/Common.php(1171): CodeIgniter\View\View->render()
 3 APPPATH/Controllers/Recursos.php(351): view()
 4 SYSTEMPATH/CodeIgniter.php(933): App\Controllers\Recursos->step3_libro()
 5 SYSTEMPATH/CodeIgniter.php(509): CodeIgniter\CodeIgniter->runController()
 6 SYSTEMPATH/CodeIgniter.php(355): CodeIgniter\CodeIgniter->handleRequest()
 7 SYSTEMPATH/Boot.php(325): CodeIgniter\CodeIgniter->run()
 8 SYSTEMPATH/Boot.php(67): CodeIgniter\Boot::runCodeIgniter()
 9 FCPATH/index.php(56): CodeIgniter\Boot::bootWeb()
10 SYSTEMPATH/rewrite.php(44): require_once('/run/media/degante/DEV/enDesarrollo/biblioteca/public/index.php')
INFO - 2024-10-28 20:55:54 --> Session: Class initialized using 'CodeIgniter\Session\Handlers\FileHandler' driver.
INFO - 2024-10-28 20:56:05 --> Session: Class initialized using 'CodeIgniter\Session\Handlers\FileHandler' driver.
INFO - 2024-10-28 20:56:07 --> Session: Class initialized using 'CodeIgniter\Session\Handlers\FileHandler' driver.
INFO - 2024-10-28 20:56:14 --> Session: Class initialized using 'CodeIgniter\Session\Handlers\FileHandler' driver.
INFO - 2024-10-28 20:56:14 --> Session: Class initialized using 'CodeIgniter\Session\Handlers\FileHandler' driver.
INFO - 2024-10-28 20:56:18 --> Session: Class initialized using 'CodeIgniter\Session\Handlers\FileHandler' driver.
INFO - 2024-10-28 20:56:18 --> Session: Class initialized using 'CodeIgniter\Session\Handlers\FileHandler' driver.
INFO - 2024-10-28 20:57:51 --> Session: Class initialized using 'CodeIgniter\Session\Handlers\FileHandler' driver.
INFO - 2024-10-28 20:57:55 --> Session: Class initialized using 'CodeIgniter\Session\Handlers\FileHandler' driver.
INFO - 2024-10-28 20:57:57 --> Session: Class initialized using 'CodeIgniter\Session\Handlers\FileHandler' driver.
INFO - 2024-10-28 20:58:01 --> Session: Class initialized using 'CodeIgniter\Session\Handlers\FileHandler' driver.
INFO - 2024-10-28 20:58:01 --> Session: Class initialized using 'CodeIgniter\Session\Handlers\FileHandler' driver.
INFO - 2024-10-28 20:58:03 --> Session: Class initialized using 'CodeIgniter\Session\Handlers\FileHandler' driver.
INFO - 2024-10-28 20:58:04 --> Session: Class initialized using 'CodeIgniter\Session\Handlers\FileHandler' driver.
INFO - 2024-10-28 20:58:27 --> Session: Class initialized using 'CodeIgniter\Session\Handlers\FileHandler' driver.
INFO - 2024-10-28 20:58:30 --> Session: Class initialized using 'CodeIgniter\Session\Handlers\FileHandler' driver.
INFO - 2024-10-28 20:58:35 --> Session: Class initialized using 'CodeIgniter\Session\Handlers\FileHandler' driver.
INFO - 2024-10-28 20:58:36 --> Session: Class initialized using 'CodeIgniter\Session\Handlers\FileHandler' driver.
INFO - 2024-10-28 20:58:38 --> Session: Class initialized using 'CodeIgniter\Session\Handlers\FileHandler' driver.
INFO - 2024-10-28 20:58:38 --> Session: Class initialized using 'CodeIgniter\Session\Handlers\FileHandler' driver.
INFO - 2024-10-28 21:01:26 --> Session: Class initialized using 'CodeIgniter\Session\Handlers\FileHandler' driver.
INFO - 2024-10-28 21:01:27 --> Session: Class initialized using 'CodeIgniter\Session\Handlers\FileHandler' driver.
INFO - 2024-10-28 21:01:30 --> Session: Class initialized using 'CodeIgniter\Session\Handlers\FileHandler' driver.
INFO - 2024-10-28 21:06:14 --> Session: Class initialized using 'CodeIgniter\Session\Handlers\FileHandler' driver.
INFO - 2024-10-28 21:06:22 --> Session: Class initialized using 'CodeIgniter\Session\Handlers\FileHandler' driver.
INFO - 2024-10-28 21:06:43 --> Session: Class initialized using 'CodeIgniter\Session\Handlers\FileHandler' driver.
INFO - 2024-10-28 21:06:47 --> Session: Class initialized using 'CodeIgniter\Session\Handlers\FileHandler' driver.
INFO - 2024-10-28 21:06:48 --> Session: Class initialized using 'CodeIgniter\Session\Handlers\FileHandler' driver.
INFO - 2024-10-28 21:06:52 --> Session: Class initialized using 'CodeIgniter\Session\Handlers\FileHandler' driver.
INFO - 2024-10-28 21:06:53 --> Session: Class initialized using 'CodeIgniter\Session\Handlers\FileHandler' driver.
INFO - 2024-10-28 21:07:03 --> Session: Class initialized using 'CodeIgniter\Session\Handlers\FileHandler' driver.
INFO - 2024-10-28 21:07:03 --> Session: Class initialized using 'CodeIgniter\Session\Handlers\FileHandler' driver.
INFO - 2024-10-28 21:07:17 --> Session: Class initialized using 'CodeIgniter\Session\Handlers\FileHandler' driver.
INFO - 2024-10-28 21:07:17 --> Session: Class initialized using 'CodeIgniter\Session\Handlers\FileHandler' driver.
INFO - 2024-10-28 21:07:34 --> Session: Class initialized using 'CodeIgniter\Session\Handlers\FileHandler' driver.
INFO - 2024-10-28 21:07:34 --> Session: Class initialized using 'CodeIgniter\Session\Handlers\FileHandler' driver.
INFO - 2024-10-28 21:08:08 --> Session: Class initialized using 'CodeIgniter\Session\Handlers\FileHandler' driver.
INFO - 2024-10-28 21:08:08 --> Session: Class initialized using 'CodeIgniter\Session\Handlers\FileHandler' driver.
INFO - 2024-10-28 21:08:16 --> Session: Class initialized using 'CodeIgniter\Session\Handlers\FileHandler' driver.
ERROR - 2024-10-28 21:08:16 --> mysqli_sql_exception: Cannot add or update a child row: a foreign key constraint fails (`bibliotecaupn`.`recursos`, CONSTRAINT `recursos_ibfk_1` FOREIGN KEY (`editorial`) REFERENCES `editoriales` (`id`)) in /run/media/degante/DEV/enDesarrollo/biblioteca/system/Database/MySQLi/Connection.php:312
Stack trace:
#0 /run/media/degante/DEV/enDesarrollo/biblioteca/system/Database/MySQLi/Connection.php(312): mysqli->query()
#1 /run/media/degante/DEV/enDesarrollo/biblioteca/system/Database/BaseConnection.php(734): CodeIgniter\Database\MySQLi\Connection->execute()
#2 /run/media/degante/DEV/enDesarrollo/biblioteca/system/Database/BaseConnection.php(648): CodeIgniter\Database\BaseConnection->simpleQuery()
#3 /run/media/degante/DEV/enDesarrollo/biblioteca/system/Database/BaseBuilder.php(2332): CodeIgniter\Database\BaseConnection->query()
#4 /run/media/degante/DEV/enDesarrollo/biblioteca/system/Model.php(394): CodeIgniter\Database\BaseBuilder->insert()
#5 /run/media/degante/DEV/enDesarrollo/biblioteca/system/BaseModel.php(840): CodeIgniter\Model->doInsert()
#6 /run/media/degante/DEV/enDesarrollo/biblioteca/system/Model.php(802): CodeIgniter\BaseModel->insert()
#7 /run/media/degante/DEV/enDesarrollo/biblioteca/system/BaseModel.php(751): CodeIgniter\Model->insert()
#8 /run/media/degante/DEV/enDesarrollo/biblioteca/app/Controllers/Recursos.php(383): CodeIgniter\BaseModel->save()
#9 /run/media/degante/DEV/enDesarrollo/biblioteca/system/CodeIgniter.php(933): App\Controllers\Recursos->store()
#10 /run/media/degante/DEV/enDesarrollo/biblioteca/system/CodeIgniter.php(509): CodeIgniter\CodeIgniter->runController()
#11 /run/media/degante/DEV/enDesarrollo/biblioteca/system/CodeIgniter.php(355): CodeIgniter\CodeIgniter->handleRequest()
#12 /run/media/degante/DEV/enDesarrollo/biblioteca/system/Boot.php(325): CodeIgniter\CodeIgniter->run()
#13 /run/media/degante/DEV/enDesarrollo/biblioteca/system/Boot.php(67): CodeIgniter\Boot::runCodeIgniter()
#14 /run/media/degante/DEV/enDesarrollo/biblioteca/public/index.php(56): CodeIgniter\Boot::bootWeb()
#15 /run/media/degante/DEV/enDesarrollo/biblioteca/system/rewrite.php(44): require_once('...')
#16 {main}
CRITICAL - 2024-10-28 21:08:16 --> CodeIgniter\Database\Exceptions\DatabaseException: Cannot add or update a child row: a foreign key constraint fails (`bibliotecaupn`.`recursos`, CONSTRAINT `recursos_ibfk_1` FOREIGN KEY (`editorial`) REFERENCES `editoriales` (`id`))
[Method: POST, Route: admin/recursos/step5]
in SYSTEMPATH/Database/BaseConnection.php on line 688.
 1 SYSTEMPATH/Database/BaseBuilder.php(2332): CodeIgniter\Database\BaseConnection->query()
 2 SYSTEMPATH/Model.php(394): CodeIgniter\Database\BaseBuilder->insert()
 3 SYSTEMPATH/BaseModel.php(840): CodeIgniter\Model->doInsert()
 4 SYSTEMPATH/Model.php(802): CodeIgniter\BaseModel->insert()
 5 SYSTEMPATH/BaseModel.php(751): CodeIgniter\Model->insert()
 6 APPPATH/Controllers/Recursos.php(383): CodeIgniter\BaseModel->save()
 7 SYSTEMPATH/CodeIgniter.php(933): App\Controllers\Recursos->store()
 8 SYSTEMPATH/CodeIgniter.php(509): CodeIgniter\CodeIgniter->runController()
 9 SYSTEMPATH/CodeIgniter.php(355): CodeIgniter\CodeIgniter->handleRequest()
10 SYSTEMPATH/Boot.php(325): CodeIgniter\CodeIgniter->run()
11 SYSTEMPATH/Boot.php(67): CodeIgniter\Boot::runCodeIgniter()
12 FCPATH/index.php(56): CodeIgniter\Boot::bootWeb()
13 SYSTEMPATH/rewrite.php(44): require_once('/run/media/degante/DEV/enDesarrollo/biblioteca/public/index.php')
CRITICAL - 2024-10-28 21:08:16 --> [Caused by] CodeIgniter\Database\Exceptions\DatabaseException: Cannot add or update a child row: a foreign key constraint fails (`bibliotecaupn`.`recursos`, CONSTRAINT `recursos_ibfk_1` FOREIGN KEY (`editorial`) REFERENCES `editoriales` (`id`))
in SYSTEMPATH/Database/MySQLi/Connection.php on line 317.
 1 SYSTEMPATH/Database/BaseConnection.php(734): CodeIgniter\Database\MySQLi\Connection->execute()
 2 SYSTEMPATH/Database/BaseConnection.php(648): CodeIgniter\Database\BaseConnection->simpleQuery()
 3 SYSTEMPATH/Database/BaseBuilder.php(2332): CodeIgniter\Database\BaseConnection->query()
 4 SYSTEMPATH/Model.php(394): CodeIgniter\Database\BaseBuilder->insert()
 5 SYSTEMPATH/BaseModel.php(840): CodeIgniter\Model->doInsert()
 6 SYSTEMPATH/Model.php(802): CodeIgniter\BaseModel->insert()
 7 SYSTEMPATH/BaseModel.php(751): CodeIgniter\Model->insert()
 8 APPPATH/Controllers/Recursos.php(383): CodeIgniter\BaseModel->save()
 9 SYSTEMPATH/CodeIgniter.php(933): App\Controllers\Recursos->store()
10 SYSTEMPATH/CodeIgniter.php(509): CodeIgniter\CodeIgniter->runController()
11 SYSTEMPATH/CodeIgniter.php(355): CodeIgniter\CodeIgniter->handleRequest()
12 SYSTEMPATH/Boot.php(325): CodeIgniter\CodeIgniter->run()
13 SYSTEMPATH/Boot.php(67): CodeIgniter\Boot::runCodeIgniter()
14 FCPATH/index.php(56): CodeIgniter\Boot::bootWeb()
15 SYSTEMPATH/rewrite.php(44): require_once('/run/media/degante/DEV/enDesarrollo/biblioteca/public/index.php')
CRITICAL - 2024-10-28 21:08:16 --> [Caused by] mysqli_sql_exception: Cannot add or update a child row: a foreign key constraint fails (`bibliotecaupn`.`recursos`, CONSTRAINT `recursos_ibfk_1` FOREIGN KEY (`editorial`) REFERENCES `editoriales` (`id`))
in SYSTEMPATH/Database/MySQLi/Connection.php on line 312.
 1 SYSTEMPATH/Database/MySQLi/Connection.php(312): mysqli->query()
 2 SYSTEMPATH/Database/BaseConnection.php(734): CodeIgniter\Database\MySQLi\Connection->execute()
 3 SYSTEMPATH/Database/BaseConnection.php(648): CodeIgniter\Database\BaseConnection->simpleQuery()
 4 SYSTEMPATH/Database/BaseBuilder.php(2332): CodeIgniter\Database\BaseConnection->query()
 5 SYSTEMPATH/Model.php(394): CodeIgniter\Database\BaseBuilder->insert()
 6 SYSTEMPATH/BaseModel.php(840): CodeIgniter\Model->doInsert()
 7 SYSTEMPATH/Model.php(802): CodeIgniter\BaseModel->insert()
 8 SYSTEMPATH/BaseModel.php(751): CodeIgniter\Model->insert()
 9 APPPATH/Controllers/Recursos.php(383): CodeIgniter\BaseModel->save()
10 SYSTEMPATH/CodeIgniter.php(933): App\Controllers\Recursos->store()
11 SYSTEMPATH/CodeIgniter.php(509): CodeIgniter\CodeIgniter->runController()
12 SYSTEMPATH/CodeIgniter.php(355): CodeIgniter\CodeIgniter->handleRequest()
13 SYSTEMPATH/Boot.php(325): CodeIgniter\CodeIgniter->run()
14 SYSTEMPATH/Boot.php(67): CodeIgniter\Boot::runCodeIgniter()
15 FCPATH/index.php(56): CodeIgniter\Boot::bootWeb()
16 SYSTEMPATH/rewrite.php(44): require_once('/run/media/degante/DEV/enDesarrollo/biblioteca/public/index.php')
INFO - 2024-10-28 21:22:03 --> Session: Class initialized using 'CodeIgniter\Session\Handlers\FileHandler' driver.
ERROR - 2024-10-28 21:22:03 --> mysqli_sql_exception: Cannot add or update a child row: a foreign key constraint fails (`bibliotecaupn`.`recursos`, CONSTRAINT `recursos_ibfk_1` FOREIGN KEY (`editorial`) REFERENCES `editoriales` (`id`)) in /run/media/degante/DEV/enDesarrollo/biblioteca/system/Database/MySQLi/Connection.php:312
Stack trace:
#0 /run/media/degante/DEV/enDesarrollo/biblioteca/system/Database/MySQLi/Connection.php(312): mysqli->query()
#1 /run/media/degante/DEV/enDesarrollo/biblioteca/system/Database/BaseConnection.php(734): CodeIgniter\Database\MySQLi\Connection->execute()
#2 /run/media/degante/DEV/enDesarrollo/biblioteca/system/Database/BaseConnection.php(648): CodeIgniter\Database\BaseConnection->simpleQuery()
#3 /run/media/degante/DEV/enDesarrollo/biblioteca/system/Database/BaseBuilder.php(2332): CodeIgniter\Database\BaseConnection->query()
#4 /run/media/degante/DEV/enDesarrollo/biblioteca/system/Model.php(394): CodeIgniter\Database\BaseBuilder->insert()
#5 /run/media/degante/DEV/enDesarrollo/biblioteca/system/BaseModel.php(840): CodeIgniter\Model->doInsert()
#6 /run/media/degante/DEV/enDesarrollo/biblioteca/system/Model.php(802): CodeIgniter\BaseModel->insert()
#7 /run/media/degante/DEV/enDesarrollo/biblioteca/system/BaseModel.php(751): CodeIgniter\Model->insert()
#8 /run/media/degante/DEV/enDesarrollo/biblioteca/app/Controllers/Recursos.php(385): CodeIgniter\BaseModel->save()
#9 /run/media/degante/DEV/enDesarrollo/biblioteca/system/CodeIgniter.php(933): App\Controllers\Recursos->store()
#10 /run/media/degante/DEV/enDesarrollo/biblioteca/system/CodeIgniter.php(509): CodeIgniter\CodeIgniter->runController()
#11 /run/media/degante/DEV/enDesarrollo/biblioteca/system/CodeIgniter.php(355): CodeIgniter\CodeIgniter->handleRequest()
#12 /run/media/degante/DEV/enDesarrollo/biblioteca/system/Boot.php(325): CodeIgniter\CodeIgniter->run()
#13 /run/media/degante/DEV/enDesarrollo/biblioteca/system/Boot.php(67): CodeIgniter\Boot::runCodeIgniter()
#14 /run/media/degante/DEV/enDesarrollo/biblioteca/public/index.php(56): CodeIgniter\Boot::bootWeb()
#15 /run/media/degante/DEV/enDesarrollo/biblioteca/system/rewrite.php(44): require_once('...')
#16 {main}
CRITICAL - 2024-10-28 21:22:03 --> CodeIgniter\Database\Exceptions\DatabaseException: Cannot add or update a child row: a foreign key constraint fails (`bibliotecaupn`.`recursos`, CONSTRAINT `recursos_ibfk_1` FOREIGN KEY (`editorial`) REFERENCES `editoriales` (`id`))
[Method: POST, Route: admin/recursos/step5]
in SYSTEMPATH/Database/BaseConnection.php on line 688.
 1 SYSTEMPATH/Database/BaseBuilder.php(2332): CodeIgniter\Database\BaseConnection->query()
 2 SYSTEMPATH/Model.php(394): CodeIgniter\Database\BaseBuilder->insert()
 3 SYSTEMPATH/BaseModel.php(840): CodeIgniter\Model->doInsert()
 4 SYSTEMPATH/Model.php(802): CodeIgniter\BaseModel->insert()
 5 SYSTEMPATH/BaseModel.php(751): CodeIgniter\Model->insert()
 6 APPPATH/Controllers/Recursos.php(385): CodeIgniter\BaseModel->save()
 7 SYSTEMPATH/CodeIgniter.php(933): App\Controllers\Recursos->store()
 8 SYSTEMPATH/CodeIgniter.php(509): CodeIgniter\CodeIgniter->runController()
 9 SYSTEMPATH/CodeIgniter.php(355): CodeIgniter\CodeIgniter->handleRequest()
10 SYSTEMPATH/Boot.php(325): CodeIgniter\CodeIgniter->run()
11 SYSTEMPATH/Boot.php(67): CodeIgniter\Boot::runCodeIgniter()
12 FCPATH/index.php(56): CodeIgniter\Boot::bootWeb()
13 SYSTEMPATH/rewrite.php(44): require_once('/run/media/degante/DEV/enDesarrollo/biblioteca/public/index.php')
CRITICAL - 2024-10-28 21:22:03 --> [Caused by] CodeIgniter\Database\Exceptions\DatabaseException: Cannot add or update a child row: a foreign key constraint fails (`bibliotecaupn`.`recursos`, CONSTRAINT `recursos_ibfk_1` FOREIGN KEY (`editorial`) REFERENCES `editoriales` (`id`))
in SYSTEMPATH/Database/MySQLi/Connection.php on line 317.
 1 SYSTEMPATH/Database/BaseConnection.php(734): CodeIgniter\Database\MySQLi\Connection->execute()
 2 SYSTEMPATH/Database/BaseConnection.php(648): CodeIgniter\Database\BaseConnection->simpleQuery()
 3 SYSTEMPATH/Database/BaseBuilder.php(2332): CodeIgniter\Database\BaseConnection->query()
 4 SYSTEMPATH/Model.php(394): CodeIgniter\Database\BaseBuilder->insert()
 5 SYSTEMPATH/BaseModel.php(840): CodeIgniter\Model->doInsert()
 6 SYSTEMPATH/Model.php(802): CodeIgniter\BaseModel->insert()
 7 SYSTEMPATH/BaseModel.php(751): CodeIgniter\Model->insert()
 8 APPPATH/Controllers/Recursos.php(385): CodeIgniter\BaseModel->save()
 9 SYSTEMPATH/CodeIgniter.php(933): App\Controllers\Recursos->store()
10 SYSTEMPATH/CodeIgniter.php(509): CodeIgniter\CodeIgniter->runController()
11 SYSTEMPATH/CodeIgniter.php(355): CodeIgniter\CodeIgniter->handleRequest()
12 SYSTEMPATH/Boot.php(325): CodeIgniter\CodeIgniter->run()
13 SYSTEMPATH/Boot.php(67): CodeIgniter\Boot::runCodeIgniter()
14 FCPATH/index.php(56): CodeIgniter\Boot::bootWeb()
15 SYSTEMPATH/rewrite.php(44): require_once('/run/media/degante/DEV/enDesarrollo/biblioteca/public/index.php')
CRITICAL - 2024-10-28 21:22:03 --> [Caused by] mysqli_sql_exception: Cannot add or update a child row: a foreign key constraint fails (`bibliotecaupn`.`recursos`, CONSTRAINT `recursos_ibfk_1` FOREIGN KEY (`editorial`) REFERENCES `editoriales` (`id`))
in SYSTEMPATH/Database/MySQLi/Connection.php on line 312.
 1 SYSTEMPATH/Database/MySQLi/Connection.php(312): mysqli->query()
 2 SYSTEMPATH/Database/BaseConnection.php(734): CodeIgniter\Database\MySQLi\Connection->execute()
 3 SYSTEMPATH/Database/BaseConnection.php(648): CodeIgniter\Database\BaseConnection->simpleQuery()
 4 SYSTEMPATH/Database/BaseBuilder.php(2332): CodeIgniter\Database\BaseConnection->query()
 5 SYSTEMPATH/Model.php(394): CodeIgniter\Database\BaseBuilder->insert()
 6 SYSTEMPATH/BaseModel.php(840): CodeIgniter\Model->doInsert()
 7 SYSTEMPATH/Model.php(802): CodeIgniter\BaseModel->insert()
 8 SYSTEMPATH/BaseModel.php(751): CodeIgniter\Model->insert()
 9 APPPATH/Controllers/Recursos.php(385): CodeIgniter\BaseModel->save()
10 SYSTEMPATH/CodeIgniter.php(933): App\Controllers\Recursos->store()
11 SYSTEMPATH/CodeIgniter.php(509): CodeIgniter\CodeIgniter->runController()
12 SYSTEMPATH/CodeIgniter.php(355): CodeIgniter\CodeIgniter->handleRequest()
13 SYSTEMPATH/Boot.php(325): CodeIgniter\CodeIgniter->run()
14 SYSTEMPATH/Boot.php(67): CodeIgniter\Boot::runCodeIgniter()
15 FCPATH/index.php(56): CodeIgniter\Boot::bootWeb()
16 SYSTEMPATH/rewrite.php(44): require_once('/run/media/degante/DEV/enDesarrollo/biblioteca/public/index.php')
INFO - 2024-10-28 21:22:07 --> Session: Class initialized using 'CodeIgniter\Session\Handlers\FileHandler' driver.
INFO - 2024-10-28 21:22:09 --> Session: Class initialized using 'CodeIgniter\Session\Handlers\FileHandler' driver.
INFO - 2024-10-28 21:22:12 --> Session: Class initialized using 'CodeIgniter\Session\Handlers\FileHandler' driver.
INFO - 2024-10-28 21:22:12 --> Session: Class initialized using 'CodeIgniter\Session\Handlers\FileHandler' driver.
INFO - 2024-10-28 21:22:17 --> Session: Class initialized using 'CodeIgniter\Session\Handlers\FileHandler' driver.
INFO - 2024-10-28 21:22:18 --> Session: Class initialized using 'CodeIgniter\Session\Handlers\FileHandler' driver.
INFO - 2024-10-28 21:22:23 --> Session: Class initialized using 'CodeIgniter\Session\Handlers\FileHandler' driver.
INFO - 2024-10-28 21:22:23 --> Session: Class initialized using 'CodeIgniter\Session\Handlers\FileHandler' driver.
INFO - 2024-10-28 21:23:16 --> Session: Class initialized using 'CodeIgniter\Session\Handlers\FileHandler' driver.
INFO - 2024-10-28 21:23:24 --> Session: Class initialized using 'CodeIgniter\Session\Handlers\FileHandler' driver.
CRITICAL - 2024-10-28 21:23:24 --> ErrorException: Attempt to read property "insert_id" on false
[Method: POST, Route: admin/recursos/step4]
in SYSTEMPATH/Database/MySQLi/Connection.php on line 594.
 1 SYSTEMPATH/Database/MySQLi/Connection.php(594): CodeIgniter\Debug\Exceptions->errorHandler()
 2 SYSTEMPATH/Model.php(926): CodeIgniter\Database\MySQLi\Connection->insertID()
 3 APPPATH/Controllers/Recursos.php(360): CodeIgniter\Model->__call()
 4 SYSTEMPATH/CodeIgniter.php(933): App\Controllers\Recursos->processStep4()
 5 SYSTEMPATH/CodeIgniter.php(509): CodeIgniter\CodeIgniter->runController()
 6 SYSTEMPATH/CodeIgniter.php(355): CodeIgniter\CodeIgniter->handleRequest()
 7 SYSTEMPATH/Boot.php(325): CodeIgniter\CodeIgniter->run()
 8 SYSTEMPATH/Boot.php(67): CodeIgniter\Boot::runCodeIgniter()
 9 FCPATH/index.php(56): CodeIgniter\Boot::bootWeb()
10 SYSTEMPATH/rewrite.php(44): require_once('/run/media/degante/DEV/enDesarrollo/biblioteca/public/index.php')
INFO - 2024-10-28 21:24:01 --> Session: Class initialized using 'CodeIgniter\Session\Handlers\FileHandler' driver.
INFO - 2024-10-28 21:24:03 --> Session: Class initialized using 'CodeIgniter\Session\Handlers\FileHandler' driver.
INFO - 2024-10-28 21:24:06 --> Session: Class initialized using 'CodeIgniter\Session\Handlers\FileHandler' driver.
INFO - 2024-10-28 21:24:08 --> Session: Class initialized using 'CodeIgniter\Session\Handlers\FileHandler' driver.
INFO - 2024-10-28 21:24:19 --> Session: Class initialized using 'CodeIgniter\Session\Handlers\FileHandler' driver.
INFO - 2024-10-28 21:24:19 --> Session: Class initialized using 'CodeIgniter\Session\Handlers\FileHandler' driver.
INFO - 2024-10-28 21:24:22 --> Session: Class initialized using 'CodeIgniter\Session\Handlers\FileHandler' driver.
INFO - 2024-10-28 21:24:23 --> Session: Class initialized using 'CodeIgniter\Session\Handlers\FileHandler' driver.
INFO - 2024-10-28 21:24:41 --> Session: Class initialized using 'CodeIgniter\Session\Handlers\FileHandler' driver.
CRITICAL - 2024-10-28 21:24:41 --> ErrorException: Attempt to read property "insert_id" on false
[Method: POST, Route: admin/recursos/step4]
in SYSTEMPATH/Database/MySQLi/Connection.php on line 594.
 1 SYSTEMPATH/Database/MySQLi/Connection.php(594): CodeIgniter\Debug\Exceptions->errorHandler()
 2 SYSTEMPATH/Model.php(926): CodeIgniter\Database\MySQLi\Connection->insertID()
 3 APPPATH/Controllers/Recursos.php(360): CodeIgniter\Model->__call()
 4 SYSTEMPATH/CodeIgniter.php(933): App\Controllers\Recursos->processStep4()
 5 SYSTEMPATH/CodeIgniter.php(509): CodeIgniter\CodeIgniter->runController()
 6 SYSTEMPATH/CodeIgniter.php(355): CodeIgniter\CodeIgniter->handleRequest()
 7 SYSTEMPATH/Boot.php(325): CodeIgniter\CodeIgniter->run()
 8 SYSTEMPATH/Boot.php(67): CodeIgniter\Boot::runCodeIgniter()
 9 FCPATH/index.php(56): CodeIgniter\Boot::bootWeb()
10 SYSTEMPATH/rewrite.php(44): require_once('/run/media/degante/DEV/enDesarrollo/biblioteca/public/index.php')
INFO - 2024-10-28 21:28:09 --> Session: Class initialized using 'CodeIgniter\Session\Handlers\FileHandler' driver.
CRITICAL - 2024-10-28 21:28:10 --> ErrorException: Attempt to read property "insert_id" on false
[Method: POST, Route: admin/recursos/step4]
in SYSTEMPATH/Database/MySQLi/Connection.php on line 594.
 1 SYSTEMPATH/Database/MySQLi/Connection.php(594): CodeIgniter\Debug\Exceptions->errorHandler()
 2 SYSTEMPATH/Model.php(926): CodeIgniter\Database\MySQLi\Connection->insertID()
 3 APPPATH/Controllers/Recursos.php(360): CodeIgniter\Model->__call()
 4 SYSTEMPATH/CodeIgniter.php(933): App\Controllers\Recursos->processStep4()
 5 SYSTEMPATH/CodeIgniter.php(509): CodeIgniter\CodeIgniter->runController()
 6 SYSTEMPATH/CodeIgniter.php(355): CodeIgniter\CodeIgniter->handleRequest()
 7 SYSTEMPATH/Boot.php(325): CodeIgniter\CodeIgniter->run()
 8 SYSTEMPATH/Boot.php(67): CodeIgniter\Boot::runCodeIgniter()
 9 FCPATH/index.php(56): CodeIgniter\Boot::bootWeb()
10 SYSTEMPATH/rewrite.php(44): require_once('/run/media/degante/DEV/enDesarrollo/biblioteca/public/index.php')
INFO - 2024-10-28 21:28:14 --> Session: Class initialized using 'CodeIgniter\Session\Handlers\FileHandler' driver.
INFO - 2024-10-28 21:30:25 --> Session: Class initialized using 'CodeIgniter\Session\Handlers\FileHandler' driver.
INFO - 2024-10-28 21:31:01 --> Session: Class initialized using 'CodeIgniter\Session\Handlers\FileHandler' driver.
INFO - 2024-10-28 21:31:01 --> Session: Class initialized using 'CodeIgniter\Session\Handlers\FileHandler' driver.
INFO - 2024-10-28 21:31:05 --> Session: Class initialized using 'CodeIgniter\Session\Handlers\FileHandler' driver.
INFO - 2024-10-28 21:31:05 --> Session: Class initialized using 'CodeIgniter\Session\Handlers\FileHandler' driver.
INFO - 2024-10-28 21:31:12 --> Session: Class initialized using 'CodeIgniter\Session\Handlers\FileHandler' driver.
INFO - 2024-10-28 21:31:12 --> Session: Class initialized using 'CodeIgniter\Session\Handlers\FileHandler' driver.
INFO - 2024-10-28 21:31:21 --> Session: Class initialized using 'CodeIgniter\Session\Handlers\FileHandler' driver.
CRITICAL - 2024-10-28 21:31:21 --> ErrorException: Attempt to read property "insert_id" on false
[Method: POST, Route: admin/recursos/step4]
in SYSTEMPATH/Database/MySQLi/Connection.php on line 594.
 1 SYSTEMPATH/Database/MySQLi/Connection.php(594): CodeIgniter\Debug\Exceptions->errorHandler()
 2 SYSTEMPATH/Model.php(926): CodeIgniter\Database\MySQLi\Connection->insertID()
 3 APPPATH/Controllers/Recursos.php(360): CodeIgniter\Model->__call()
 4 SYSTEMPATH/CodeIgniter.php(933): App\Controllers\Recursos->processStep4()
 5 SYSTEMPATH/CodeIgniter.php(509): CodeIgniter\CodeIgniter->runController()
 6 SYSTEMPATH/CodeIgniter.php(355): CodeIgniter\CodeIgniter->handleRequest()
 7 SYSTEMPATH/Boot.php(325): CodeIgniter\CodeIgniter->run()
 8 SYSTEMPATH/Boot.php(67): CodeIgniter\Boot::runCodeIgniter()
 9 FCPATH/index.php(56): CodeIgniter\Boot::bootWeb()
10 SYSTEMPATH/rewrite.php(44): require_once('/run/media/degante/DEV/enDesarrollo/biblioteca/public/index.php')
INFO - 2024-10-28 21:32:44 --> Session: Class initialized using 'CodeIgniter\Session\Handlers\FileHandler' driver.
CRITICAL - 2024-10-28 21:32:44 --> ErrorException: Attempt to read property "insert_id" on false
[Method: POST, Route: admin/recursos/step4]
in SYSTEMPATH/Database/MySQLi/Connection.php on line 594.
 1 SYSTEMPATH/Database/MySQLi/Connection.php(594): CodeIgniter\Debug\Exceptions->errorHandler()
 2 SYSTEMPATH/Model.php(926): CodeIgniter\Database\MySQLi\Connection->insertID()
 3 APPPATH/Controllers/Recursos.php(360): CodeIgniter\Model->__call()
 4 SYSTEMPATH/CodeIgniter.php(933): App\Controllers\Recursos->processStep4()
 5 SYSTEMPATH/CodeIgniter.php(509): CodeIgniter\CodeIgniter->runController()
 6 SYSTEMPATH/CodeIgniter.php(355): CodeIgniter\CodeIgniter->handleRequest()
 7 SYSTEMPATH/Boot.php(325): CodeIgniter\CodeIgniter->run()
 8 SYSTEMPATH/Boot.php(67): CodeIgniter\Boot::runCodeIgniter()
 9 FCPATH/index.php(56): CodeIgniter\Boot::bootWeb()
10 SYSTEMPATH/rewrite.php(44): require_once('/run/media/degante/DEV/enDesarrollo/biblioteca/public/index.php')
INFO - 2024-10-28 21:32:48 --> Session: Class initialized using 'CodeIgniter\Session\Handlers\FileHandler' driver.
INFO - 2024-10-28 21:33:04 --> Session: Class initialized using 'CodeIgniter\Session\Handlers\FileHandler' driver.
INFO - 2024-10-28 21:33:09 --> Session: Class initialized using 'CodeIgniter\Session\Handlers\FileHandler' driver.
INFO - 2024-10-28 21:33:09 --> Session: Class initialized using 'CodeIgniter\Session\Handlers\FileHandler' driver.
INFO - 2024-10-28 21:33:13 --> Session: Class initialized using 'CodeIgniter\Session\Handlers\FileHandler' driver.
INFO - 2024-10-28 21:33:13 --> Session: Class initialized using 'CodeIgniter\Session\Handlers\FileHandler' driver.
INFO - 2024-10-28 21:33:17 --> Session: Class initialized using 'CodeIgniter\Session\Handlers\FileHandler' driver.
INFO - 2024-10-28 21:33:18 --> Session: Class initialized using 'CodeIgniter\Session\Handlers\FileHandler' driver.
INFO - 2024-10-28 21:33:23 --> Session: Class initialized using 'CodeIgniter\Session\Handlers\FileHandler' driver.
CRITICAL - 2024-10-28 21:33:23 --> ErrorException: Attempt to read property "insert_id" on false
[Method: POST, Route: admin/recursos/step4]
in SYSTEMPATH/Database/MySQLi/Connection.php on line 594.
 1 SYSTEMPATH/Database/MySQLi/Connection.php(594): CodeIgniter\Debug\Exceptions->errorHandler()
 2 SYSTEMPATH/Model.php(926): CodeIgniter\Database\MySQLi\Connection->insertID()
 3 APPPATH/Controllers/Recursos.php(360): CodeIgniter\Model->__call()
 4 SYSTEMPATH/CodeIgniter.php(933): App\Controllers\Recursos->processStep4()
 5 SYSTEMPATH/CodeIgniter.php(509): CodeIgniter\CodeIgniter->runController()
 6 SYSTEMPATH/CodeIgniter.php(355): CodeIgniter\CodeIgniter->handleRequest()
 7 SYSTEMPATH/Boot.php(325): CodeIgniter\CodeIgniter->run()
 8 SYSTEMPATH/Boot.php(67): CodeIgniter\Boot::runCodeIgniter()
 9 FCPATH/index.php(56): CodeIgniter\Boot::bootWeb()
10 SYSTEMPATH/rewrite.php(44): require_once('/run/media/degante/DEV/enDesarrollo/biblioteca/public/index.php')
INFO - 2024-10-28 21:35:21 --> Session: Class initialized using 'CodeIgniter\Session\Handlers\FileHandler' driver.
CRITICAL - 2024-10-28 21:35:21 --> ErrorException: Attempt to read property "insert_id" on false
[Method: POST, Route: admin/recursos/step4]
in SYSTEMPATH/Database/MySQLi/Connection.php on line 594.
 1 SYSTEMPATH/Database/MySQLi/Connection.php(594): CodeIgniter\Debug\Exceptions->errorHandler()
 2 SYSTEMPATH/Model.php(926): CodeIgniter\Database\MySQLi\Connection->insertID()
 3 APPPATH/Controllers/Recursos.php(360): CodeIgniter\Model->__call()
 4 SYSTEMPATH/CodeIgniter.php(933): App\Controllers\Recursos->processStep4()
 5 SYSTEMPATH/CodeIgniter.php(509): CodeIgniter\CodeIgniter->runController()
 6 SYSTEMPATH/CodeIgniter.php(355): CodeIgniter\CodeIgniter->handleRequest()
 7 SYSTEMPATH/Boot.php(325): CodeIgniter\CodeIgniter->run()
 8 SYSTEMPATH/Boot.php(67): CodeIgniter\Boot::runCodeIgniter()
 9 FCPATH/index.php(56): CodeIgniter\Boot::bootWeb()
10 SYSTEMPATH/rewrite.php(44): require_once('/run/media/degante/DEV/enDesarrollo/biblioteca/public/index.php')
INFO - 2024-10-28 21:35:24 --> Session: Class initialized using 'CodeIgniter\Session\Handlers\FileHandler' driver.
INFO - 2024-10-28 21:35:31 --> Session: Class initialized using 'CodeIgniter\Session\Handlers\FileHandler' driver.
INFO - 2024-10-28 21:35:36 --> Session: Class initialized using 'CodeIgniter\Session\Handlers\FileHandler' driver.
INFO - 2024-10-28 21:35:36 --> Session: Class initialized using 'CodeIgniter\Session\Handlers\FileHandler' driver.
INFO - 2024-10-28 21:35:40 --> Session: Class initialized using 'CodeIgniter\Session\Handlers\FileHandler' driver.
INFO - 2024-10-28 21:35:41 --> Session: Class initialized using 'CodeIgniter\Session\Handlers\FileHandler' driver.
INFO - 2024-10-28 21:35:48 --> Session: Class initialized using 'CodeIgniter\Session\Handlers\FileHandler' driver.
INFO - 2024-10-28 21:35:48 --> Session: Class initialized using 'CodeIgniter\Session\Handlers\FileHandler' driver.
INFO - 2024-10-28 21:35:56 --> Session: Class initialized using 'CodeIgniter\Session\Handlers\FileHandler' driver.
CRITICAL - 2024-10-28 21:35:56 --> ErrorException: Attempt to read property "insert_id" on false
[Method: POST, Route: admin/recursos/step4]
in SYSTEMPATH/Database/MySQLi/Connection.php on line 594.
 1 SYSTEMPATH/Database/MySQLi/Connection.php(594): CodeIgniter\Debug\Exceptions->errorHandler()
 2 SYSTEMPATH/Model.php(926): CodeIgniter\Database\MySQLi\Connection->insertID()
 3 APPPATH/Controllers/Recursos.php(360): CodeIgniter\Model->__call()
 4 SYSTEMPATH/CodeIgniter.php(933): App\Controllers\Recursos->processStep4()
 5 SYSTEMPATH/CodeIgniter.php(509): CodeIgniter\CodeIgniter->runController()
 6 SYSTEMPATH/CodeIgniter.php(355): CodeIgniter\CodeIgniter->handleRequest()
 7 SYSTEMPATH/Boot.php(325): CodeIgniter\CodeIgniter->run()
 8 SYSTEMPATH/Boot.php(67): CodeIgniter\Boot::runCodeIgniter()
 9 FCPATH/index.php(56): CodeIgniter\Boot::bootWeb()
10 SYSTEMPATH/rewrite.php(44): require_once('/run/media/degante/DEV/enDesarrollo/biblioteca/public/index.php')
INFO - 2024-10-28 21:37:54 --> Session: Class initialized using 'CodeIgniter\Session\Handlers\FileHandler' driver.
INFO - 2024-10-28 21:38:25 --> Session: Class initialized using 'CodeIgniter\Session\Handlers\FileHandler' driver.
INFO - 2024-10-28 21:38:41 --> Session: Class initialized using 'CodeIgniter\Session\Handlers\FileHandler' driver.
INFO - 2024-10-28 21:38:41 --> Session: Class initialized using 'CodeIgniter\Session\Handlers\FileHandler' driver.
INFO - 2024-10-28 21:38:46 --> Session: Class initialized using 'CodeIgniter\Session\Handlers\FileHandler' driver.
INFO - 2024-10-28 21:38:46 --> Session: Class initialized using 'CodeIgniter\Session\Handlers\FileHandler' driver.
INFO - 2024-10-28 21:38:50 --> Session: Class initialized using 'CodeIgniter\Session\Handlers\FileHandler' driver.
INFO - 2024-10-28 21:38:50 --> Session: Class initialized using 'CodeIgniter\Session\Handlers\FileHandler' driver.
INFO - 2024-10-28 21:38:57 --> Session: Class initialized using 'CodeIgniter\Session\Handlers\FileHandler' driver.
INFO - 2024-10-28 21:38:57 --> Session: Class initialized using 'CodeIgniter\Session\Handlers\FileHandler' driver.
INFO - 2024-10-28 21:39:10 --> Session: Class initialized using 'CodeIgniter\Session\Handlers\FileHandler' driver.
CRITICAL - 2024-10-28 21:39:11 --> ErrorException: Undefined variable $categoria_id
[Method: POST, Route: admin/recursos/step5]
in APPPATH/Controllers/Recursos.php on line 387.
 1 APPPATH/Controllers/Recursos.php(387): CodeIgniter\Debug\Exceptions->errorHandler()
 2 SYSTEMPATH/CodeIgniter.php(933): App\Controllers\Recursos->store()
 3 SYSTEMPATH/CodeIgniter.php(509): CodeIgniter\CodeIgniter->runController()
 4 SYSTEMPATH/CodeIgniter.php(355): CodeIgniter\CodeIgniter->handleRequest()
 5 SYSTEMPATH/Boot.php(325): CodeIgniter\CodeIgniter->run()
 6 SYSTEMPATH/Boot.php(67): CodeIgniter\Boot::runCodeIgniter()
 7 FCPATH/index.php(56): CodeIgniter\Boot::bootWeb()
 8 SYSTEMPATH/rewrite.php(44): require_once('/run/media/degante/DEV/enDesarrollo/biblioteca/public/index.php')
INFO - 2024-10-28 21:45:33 --> Session: Class initialized using 'CodeIgniter\Session\Handlers\FileHandler' driver.
ERROR - 2024-10-28 21:45:33 --> mysqli_sql_exception: Column 'genero' cannot be null in /run/media/degante/DEV/enDesarrollo/biblioteca/system/Database/MySQLi/Connection.php:312
Stack trace:
#0 /run/media/degante/DEV/enDesarrollo/biblioteca/system/Database/MySQLi/Connection.php(312): mysqli->query()
#1 /run/media/degante/DEV/enDesarrollo/biblioteca/system/Database/BaseConnection.php(734): CodeIgniter\Database\MySQLi\Connection->execute()
#2 /run/media/degante/DEV/enDesarrollo/biblioteca/system/Database/BaseConnection.php(648): CodeIgniter\Database\BaseConnection->simpleQuery()
#3 /run/media/degante/DEV/enDesarrollo/biblioteca/system/Database/BaseBuilder.php(2332): CodeIgniter\Database\BaseConnection->query()
#4 /run/media/degante/DEV/enDesarrollo/biblioteca/system/Model.php(394): CodeIgniter\Database\BaseBuilder->insert()
#5 /run/media/degante/DEV/enDesarrollo/biblioteca/system/BaseModel.php(840): CodeIgniter\Model->doInsert()
#6 /run/media/degante/DEV/enDesarrollo/biblioteca/system/Model.php(802): CodeIgniter\BaseModel->insert()
#7 /run/media/degante/DEV/enDesarrollo/biblioteca/system/BaseModel.php(751): CodeIgniter\Model->insert()
#8 /run/media/degante/DEV/enDesarrollo/biblioteca/app/Controllers/Recursos.php(386): CodeIgniter\BaseModel->save()
#9 /run/media/degante/DEV/enDesarrollo/biblioteca/system/CodeIgniter.php(933): App\Controllers\Recursos->store()
#10 /run/media/degante/DEV/enDesarrollo/biblioteca/system/CodeIgniter.php(509): CodeIgniter\CodeIgniter->runController()
#11 /run/media/degante/DEV/enDesarrollo/biblioteca/system/CodeIgniter.php(355): CodeIgniter\CodeIgniter->handleRequest()
#12 /run/media/degante/DEV/enDesarrollo/biblioteca/system/Boot.php(325): CodeIgniter\CodeIgniter->run()
#13 /run/media/degante/DEV/enDesarrollo/biblioteca/system/Boot.php(67): CodeIgniter\Boot::runCodeIgniter()
#14 /run/media/degante/DEV/enDesarrollo/biblioteca/public/index.php(56): CodeIgniter\Boot::bootWeb()
#15 /run/media/degante/DEV/enDesarrollo/biblioteca/system/rewrite.php(44): require_once('...')
#16 {main}
CRITICAL - 2024-10-28 21:45:33 --> CodeIgniter\Database\Exceptions\DatabaseException: Column 'genero' cannot be null
[Method: POST, Route: admin/recursos/step5]
in SYSTEMPATH/Database/BaseConnection.php on line 688.
 1 SYSTEMPATH/Database/BaseBuilder.php(2332): CodeIgniter\Database\BaseConnection->query()
 2 SYSTEMPATH/Model.php(394): CodeIgniter\Database\BaseBuilder->insert()
 3 SYSTEMPATH/BaseModel.php(840): CodeIgniter\Model->doInsert()
 4 SYSTEMPATH/Model.php(802): CodeIgniter\BaseModel->insert()
 5 SYSTEMPATH/BaseModel.php(751): CodeIgniter\Model->insert()
 6 APPPATH/Controllers/Recursos.php(386): CodeIgniter\BaseModel->save()
 7 SYSTEMPATH/CodeIgniter.php(933): App\Controllers\Recursos->store()
 8 SYSTEMPATH/CodeIgniter.php(509): CodeIgniter\CodeIgniter->runController()
 9 SYSTEMPATH/CodeIgniter.php(355): CodeIgniter\CodeIgniter->handleRequest()
10 SYSTEMPATH/Boot.php(325): CodeIgniter\CodeIgniter->run()
11 SYSTEMPATH/Boot.php(67): CodeIgniter\Boot::runCodeIgniter()
12 FCPATH/index.php(56): CodeIgniter\Boot::bootWeb()
13 SYSTEMPATH/rewrite.php(44): require_once('/run/media/degante/DEV/enDesarrollo/biblioteca/public/index.php')
CRITICAL - 2024-10-28 21:45:33 --> [Caused by] CodeIgniter\Database\Exceptions\DatabaseException: Column 'genero' cannot be null
in SYSTEMPATH/Database/MySQLi/Connection.php on line 317.
 1 SYSTEMPATH/Database/BaseConnection.php(734): CodeIgniter\Database\MySQLi\Connection->execute()
 2 SYSTEMPATH/Database/BaseConnection.php(648): CodeIgniter\Database\BaseConnection->simpleQuery()
 3 SYSTEMPATH/Database/BaseBuilder.php(2332): CodeIgniter\Database\BaseConnection->query()
 4 SYSTEMPATH/Model.php(394): CodeIgniter\Database\BaseBuilder->insert()
 5 SYSTEMPATH/BaseModel.php(840): CodeIgniter\Model->doInsert()
 6 SYSTEMPATH/Model.php(802): CodeIgniter\BaseModel->insert()
 7 SYSTEMPATH/BaseModel.php(751): CodeIgniter\Model->insert()
 8 APPPATH/Controllers/Recursos.php(386): CodeIgniter\BaseModel->save()
 9 SYSTEMPATH/CodeIgniter.php(933): App\Controllers\Recursos->store()
10 SYSTEMPATH/CodeIgniter.php(509): CodeIgniter\CodeIgniter->runController()
11 SYSTEMPATH/CodeIgniter.php(355): CodeIgniter\CodeIgniter->handleRequest()
12 SYSTEMPATH/Boot.php(325): CodeIgniter\CodeIgniter->run()
13 SYSTEMPATH/Boot.php(67): CodeIgniter\Boot::runCodeIgniter()
14 FCPATH/index.php(56): CodeIgniter\Boot::bootWeb()
15 SYSTEMPATH/rewrite.php(44): require_once('/run/media/degante/DEV/enDesarrollo/biblioteca/public/index.php')
CRITICAL - 2024-10-28 21:45:33 --> [Caused by] mysqli_sql_exception: Column 'genero' cannot be null
in SYSTEMPATH/Database/MySQLi/Connection.php on line 312.
 1 SYSTEMPATH/Database/MySQLi/Connection.php(312): mysqli->query()
 2 SYSTEMPATH/Database/BaseConnection.php(734): CodeIgniter\Database\MySQLi\Connection->execute()
 3 SYSTEMPATH/Database/BaseConnection.php(648): CodeIgniter\Database\BaseConnection->simpleQuery()
 4 SYSTEMPATH/Database/BaseBuilder.php(2332): CodeIgniter\Database\BaseConnection->query()
 5 SYSTEMPATH/Model.php(394): CodeIgniter\Database\BaseBuilder->insert()
 6 SYSTEMPATH/BaseModel.php(840): CodeIgniter\Model->doInsert()
 7 SYSTEMPATH/Model.php(802): CodeIgniter\BaseModel->insert()
 8 SYSTEMPATH/BaseModel.php(751): CodeIgniter\Model->insert()
 9 APPPATH/Controllers/Recursos.php(386): CodeIgniter\BaseModel->save()
10 SYSTEMPATH/CodeIgniter.php(933): App\Controllers\Recursos->store()
11 SYSTEMPATH/CodeIgniter.php(509): CodeIgniter\CodeIgniter->runController()
12 SYSTEMPATH/CodeIgniter.php(355): CodeIgniter\CodeIgniter->handleRequest()
13 SYSTEMPATH/Boot.php(325): CodeIgniter\CodeIgniter->run()
14 SYSTEMPATH/Boot.php(67): CodeIgniter\Boot::runCodeIgniter()
15 FCPATH/index.php(56): CodeIgniter\Boot::bootWeb()
16 SYSTEMPATH/rewrite.php(44): require_once('/run/media/degante/DEV/enDesarrollo/biblioteca/public/index.php')
INFO - 2024-10-28 21:47:38 --> Session: Class initialized using 'CodeIgniter\Session\Handlers\FileHandler' driver.
ERROR - 2024-10-28 21:47:38 --> mysqli_sql_exception: Cannot add or update a child row: a foreign key constraint fails (`bibliotecaupn`.`recursos`, CONSTRAINT `recursos_ibfk_1` FOREIGN KEY (`editorial`) REFERENCES `editoriales` (`id`)) in /run/media/degante/DEV/enDesarrollo/biblioteca/system/Database/MySQLi/Connection.php:312
Stack trace:
#0 /run/media/degante/DEV/enDesarrollo/biblioteca/system/Database/MySQLi/Connection.php(312): mysqli->query()
#1 /run/media/degante/DEV/enDesarrollo/biblioteca/system/Database/BaseConnection.php(734): CodeIgniter\Database\MySQLi\Connection->execute()
#2 /run/media/degante/DEV/enDesarrollo/biblioteca/system/Database/BaseConnection.php(648): CodeIgniter\Database\BaseConnection->simpleQuery()
#3 /run/media/degante/DEV/enDesarrollo/biblioteca/system/Database/BaseBuilder.php(2332): CodeIgniter\Database\BaseConnection->query()
#4 /run/media/degante/DEV/enDesarrollo/biblioteca/system/Model.php(394): CodeIgniter\Database\BaseBuilder->insert()
#5 /run/media/degante/DEV/enDesarrollo/biblioteca/system/BaseModel.php(840): CodeIgniter\Model->doInsert()
#6 /run/media/degante/DEV/enDesarrollo/biblioteca/system/Model.php(802): CodeIgniter\BaseModel->insert()
#7 /run/media/degante/DEV/enDesarrollo/biblioteca/system/BaseModel.php(751): CodeIgniter\Model->insert()
#8 /run/media/degante/DEV/enDesarrollo/biblioteca/app/Controllers/Recursos.php(386): CodeIgniter\BaseModel->save()
#9 /run/media/degante/DEV/enDesarrollo/biblioteca/system/CodeIgniter.php(933): App\Controllers\Recursos->store()
#10 /run/media/degante/DEV/enDesarrollo/biblioteca/system/CodeIgniter.php(509): CodeIgniter\CodeIgniter->runController()
#11 /run/media/degante/DEV/enDesarrollo/biblioteca/system/CodeIgniter.php(355): CodeIgniter\CodeIgniter->handleRequest()
#12 /run/media/degante/DEV/enDesarrollo/biblioteca/system/Boot.php(325): CodeIgniter\CodeIgniter->run()
#13 /run/media/degante/DEV/enDesarrollo/biblioteca/system/Boot.php(67): CodeIgniter\Boot::runCodeIgniter()
#14 /run/media/degante/DEV/enDesarrollo/biblioteca/public/index.php(56): CodeIgniter\Boot::bootWeb()
#15 /run/media/degante/DEV/enDesarrollo/biblioteca/system/rewrite.php(44): require_once('...')
#16 {main}
CRITICAL - 2024-10-28 21:47:38 --> CodeIgniter\Database\Exceptions\DatabaseException: Cannot add or update a child row: a foreign key constraint fails (`bibliotecaupn`.`recursos`, CONSTRAINT `recursos_ibfk_1` FOREIGN KEY (`editorial`) REFERENCES `editoriales` (`id`))
[Method: POST, Route: admin/recursos/step5]
in SYSTEMPATH/Database/BaseConnection.php on line 688.
 1 SYSTEMPATH/Database/BaseBuilder.php(2332): CodeIgniter\Database\BaseConnection->query()
 2 SYSTEMPATH/Model.php(394): CodeIgniter\Database\BaseBuilder->insert()
 3 SYSTEMPATH/BaseModel.php(840): CodeIgniter\Model->doInsert()
 4 SYSTEMPATH/Model.php(802): CodeIgniter\BaseModel->insert()
 5 SYSTEMPATH/BaseModel.php(751): CodeIgniter\Model->insert()
 6 APPPATH/Controllers/Recursos.php(386): CodeIgniter\BaseModel->save()
 7 SYSTEMPATH/CodeIgniter.php(933): App\Controllers\Recursos->store()
 8 SYSTEMPATH/CodeIgniter.php(509): CodeIgniter\CodeIgniter->runController()
 9 SYSTEMPATH/CodeIgniter.php(355): CodeIgniter\CodeIgniter->handleRequest()
10 SYSTEMPATH/Boot.php(325): CodeIgniter\CodeIgniter->run()
11 SYSTEMPATH/Boot.php(67): CodeIgniter\Boot::runCodeIgniter()
12 FCPATH/index.php(56): CodeIgniter\Boot::bootWeb()
13 SYSTEMPATH/rewrite.php(44): require_once('/run/media/degante/DEV/enDesarrollo/biblioteca/public/index.php')
CRITICAL - 2024-10-28 21:47:38 --> [Caused by] CodeIgniter\Database\Exceptions\DatabaseException: Cannot add or update a child row: a foreign key constraint fails (`bibliotecaupn`.`recursos`, CONSTRAINT `recursos_ibfk_1` FOREIGN KEY (`editorial`) REFERENCES `editoriales` (`id`))
in SYSTEMPATH/Database/MySQLi/Connection.php on line 317.
 1 SYSTEMPATH/Database/BaseConnection.php(734): CodeIgniter\Database\MySQLi\Connection->execute()
 2 SYSTEMPATH/Database/BaseConnection.php(648): CodeIgniter\Database\BaseConnection->simpleQuery()
 3 SYSTEMPATH/Database/BaseBuilder.php(2332): CodeIgniter\Database\BaseConnection->query()
 4 SYSTEMPATH/Model.php(394): CodeIgniter\Database\BaseBuilder->insert()
 5 SYSTEMPATH/BaseModel.php(840): CodeIgniter\Model->doInsert()
 6 SYSTEMPATH/Model.php(802): CodeIgniter\BaseModel->insert()
 7 SYSTEMPATH/BaseModel.php(751): CodeIgniter\Model->insert()
 8 APPPATH/Controllers/Recursos.php(386): CodeIgniter\BaseModel->save()
 9 SYSTEMPATH/CodeIgniter.php(933): App\Controllers\Recursos->store()
10 SYSTEMPATH/CodeIgniter.php(509): CodeIgniter\CodeIgniter->runController()
11 SYSTEMPATH/CodeIgniter.php(355): CodeIgniter\CodeIgniter->handleRequest()
12 SYSTEMPATH/Boot.php(325): CodeIgniter\CodeIgniter->run()
13 SYSTEMPATH/Boot.php(67): CodeIgniter\Boot::runCodeIgniter()
14 FCPATH/index.php(56): CodeIgniter\Boot::bootWeb()
15 SYSTEMPATH/rewrite.php(44): require_once('/run/media/degante/DEV/enDesarrollo/biblioteca/public/index.php')
CRITICAL - 2024-10-28 21:47:38 --> [Caused by] mysqli_sql_exception: Cannot add or update a child row: a foreign key constraint fails (`bibliotecaupn`.`recursos`, CONSTRAINT `recursos_ibfk_1` FOREIGN KEY (`editorial`) REFERENCES `editoriales` (`id`))
in SYSTEMPATH/Database/MySQLi/Connection.php on line 312.
 1 SYSTEMPATH/Database/MySQLi/Connection.php(312): mysqli->query()
 2 SYSTEMPATH/Database/BaseConnection.php(734): CodeIgniter\Database\MySQLi\Connection->execute()
 3 SYSTEMPATH/Database/BaseConnection.php(648): CodeIgniter\Database\BaseConnection->simpleQuery()
 4 SYSTEMPATH/Database/BaseBuilder.php(2332): CodeIgniter\Database\BaseConnection->query()
 5 SYSTEMPATH/Model.php(394): CodeIgniter\Database\BaseBuilder->insert()
 6 SYSTEMPATH/BaseModel.php(840): CodeIgniter\Model->doInsert()
 7 SYSTEMPATH/Model.php(802): CodeIgniter\BaseModel->insert()
 8 SYSTEMPATH/BaseModel.php(751): CodeIgniter\Model->insert()
 9 APPPATH/Controllers/Recursos.php(386): CodeIgniter\BaseModel->save()
10 SYSTEMPATH/CodeIgniter.php(933): App\Controllers\Recursos->store()
11 SYSTEMPATH/CodeIgniter.php(509): CodeIgniter\CodeIgniter->runController()
12 SYSTEMPATH/CodeIgniter.php(355): CodeIgniter\CodeIgniter->handleRequest()
13 SYSTEMPATH/Boot.php(325): CodeIgniter\CodeIgniter->run()
14 SYSTEMPATH/Boot.php(67): CodeIgniter\Boot::runCodeIgniter()
15 FCPATH/index.php(56): CodeIgniter\Boot::bootWeb()
16 SYSTEMPATH/rewrite.php(44): require_once('/run/media/degante/DEV/enDesarrollo/biblioteca/public/index.php')
INFO - 2024-10-28 21:47:50 --> Session: Class initialized using 'CodeIgniter\Session\Handlers\FileHandler' driver.
ERROR - 2024-10-28 21:47:50 --> mysqli_sql_exception: Cannot add or update a child row: a foreign key constraint fails (`bibliotecaupn`.`recursos`, CONSTRAINT `recursos_ibfk_2` FOREIGN KEY (`genero`) REFERENCES `generos` (`id`)) in /run/media/degante/DEV/enDesarrollo/biblioteca/system/Database/MySQLi/Connection.php:312
Stack trace:
#0 /run/media/degante/DEV/enDesarrollo/biblioteca/system/Database/MySQLi/Connection.php(312): mysqli->query()
#1 /run/media/degante/DEV/enDesarrollo/biblioteca/system/Database/BaseConnection.php(734): CodeIgniter\Database\MySQLi\Connection->execute()
#2 /run/media/degante/DEV/enDesarrollo/biblioteca/system/Database/BaseConnection.php(648): CodeIgniter\Database\BaseConnection->simpleQuery()
#3 /run/media/degante/DEV/enDesarrollo/biblioteca/system/Database/BaseBuilder.php(2332): CodeIgniter\Database\BaseConnection->query()
#4 /run/media/degante/DEV/enDesarrollo/biblioteca/system/Model.php(394): CodeIgniter\Database\BaseBuilder->insert()
#5 /run/media/degante/DEV/enDesarrollo/biblioteca/system/BaseModel.php(840): CodeIgniter\Model->doInsert()
#6 /run/media/degante/DEV/enDesarrollo/biblioteca/system/Model.php(802): CodeIgniter\BaseModel->insert()
#7 /run/media/degante/DEV/enDesarrollo/biblioteca/system/BaseModel.php(751): CodeIgniter\Model->insert()
#8 /run/media/degante/DEV/enDesarrollo/biblioteca/app/Controllers/Recursos.php(386): CodeIgniter\BaseModel->save()
#9 /run/media/degante/DEV/enDesarrollo/biblioteca/system/CodeIgniter.php(933): App\Controllers\Recursos->store()
#10 /run/media/degante/DEV/enDesarrollo/biblioteca/system/CodeIgniter.php(509): CodeIgniter\CodeIgniter->runController()
#11 /run/media/degante/DEV/enDesarrollo/biblioteca/system/CodeIgniter.php(355): CodeIgniter\CodeIgniter->handleRequest()
#12 /run/media/degante/DEV/enDesarrollo/biblioteca/system/Boot.php(325): CodeIgniter\CodeIgniter->run()
#13 /run/media/degante/DEV/enDesarrollo/biblioteca/system/Boot.php(67): CodeIgniter\Boot::runCodeIgniter()
#14 /run/media/degante/DEV/enDesarrollo/biblioteca/public/index.php(56): CodeIgniter\Boot::bootWeb()
#15 /run/media/degante/DEV/enDesarrollo/biblioteca/system/rewrite.php(44): require_once('...')
#16 {main}
CRITICAL - 2024-10-28 21:47:50 --> CodeIgniter\Database\Exceptions\DatabaseException: Cannot add or update a child row: a foreign key constraint fails (`bibliotecaupn`.`recursos`, CONSTRAINT `recursos_ibfk_2` FOREIGN KEY (`genero`) REFERENCES `generos` (`id`))
[Method: POST, Route: admin/recursos/step5]
in SYSTEMPATH/Database/BaseConnection.php on line 688.
 1 SYSTEMPATH/Database/BaseBuilder.php(2332): CodeIgniter\Database\BaseConnection->query()
 2 SYSTEMPATH/Model.php(394): CodeIgniter\Database\BaseBuilder->insert()
 3 SYSTEMPATH/BaseModel.php(840): CodeIgniter\Model->doInsert()
 4 SYSTEMPATH/Model.php(802): CodeIgniter\BaseModel->insert()
 5 SYSTEMPATH/BaseModel.php(751): CodeIgniter\Model->insert()
 6 APPPATH/Controllers/Recursos.php(386): CodeIgniter\BaseModel->save()
 7 SYSTEMPATH/CodeIgniter.php(933): App\Controllers\Recursos->store()
 8 SYSTEMPATH/CodeIgniter.php(509): CodeIgniter\CodeIgniter->runController()
 9 SYSTEMPATH/CodeIgniter.php(355): CodeIgniter\CodeIgniter->handleRequest()
10 SYSTEMPATH/Boot.php(325): CodeIgniter\CodeIgniter->run()
11 SYSTEMPATH/Boot.php(67): CodeIgniter\Boot::runCodeIgniter()
12 FCPATH/index.php(56): CodeIgniter\Boot::bootWeb()
13 SYSTEMPATH/rewrite.php(44): require_once('/run/media/degante/DEV/enDesarrollo/biblioteca/public/index.php')
CRITICAL - 2024-10-28 21:47:50 --> [Caused by] CodeIgniter\Database\Exceptions\DatabaseException: Cannot add or update a child row: a foreign key constraint fails (`bibliotecaupn`.`recursos`, CONSTRAINT `recursos_ibfk_2` FOREIGN KEY (`genero`) REFERENCES `generos` (`id`))
in SYSTEMPATH/Database/MySQLi/Connection.php on line 317.
 1 SYSTEMPATH/Database/BaseConnection.php(734): CodeIgniter\Database\MySQLi\Connection->execute()
 2 SYSTEMPATH/Database/BaseConnection.php(648): CodeIgniter\Database\BaseConnection->simpleQuery()
 3 SYSTEMPATH/Database/BaseBuilder.php(2332): CodeIgniter\Database\BaseConnection->query()
 4 SYSTEMPATH/Model.php(394): CodeIgniter\Database\BaseBuilder->insert()
 5 SYSTEMPATH/BaseModel.php(840): CodeIgniter\Model->doInsert()
 6 SYSTEMPATH/Model.php(802): CodeIgniter\BaseModel->insert()
 7 SYSTEMPATH/BaseModel.php(751): CodeIgniter\Model->insert()
 8 APPPATH/Controllers/Recursos.php(386): CodeIgniter\BaseModel->save()
 9 SYSTEMPATH/CodeIgniter.php(933): App\Controllers\Recursos->store()
10 SYSTEMPATH/CodeIgniter.php(509): CodeIgniter\CodeIgniter->runController()
11 SYSTEMPATH/CodeIgniter.php(355): CodeIgniter\CodeIgniter->handleRequest()
12 SYSTEMPATH/Boot.php(325): CodeIgniter\CodeIgniter->run()
13 SYSTEMPATH/Boot.php(67): CodeIgniter\Boot::runCodeIgniter()
14 FCPATH/index.php(56): CodeIgniter\Boot::bootWeb()
15 SYSTEMPATH/rewrite.php(44): require_once('/run/media/degante/DEV/enDesarrollo/biblioteca/public/index.php')
CRITICAL - 2024-10-28 21:47:50 --> [Caused by] mysqli_sql_exception: Cannot add or update a child row: a foreign key constraint fails (`bibliotecaupn`.`recursos`, CONSTRAINT `recursos_ibfk_2` FOREIGN KEY (`genero`) REFERENCES `generos` (`id`))
in SYSTEMPATH/Database/MySQLi/Connection.php on line 312.
 1 SYSTEMPATH/Database/MySQLi/Connection.php(312): mysqli->query()
 2 SYSTEMPATH/Database/BaseConnection.php(734): CodeIgniter\Database\MySQLi\Connection->execute()
 3 SYSTEMPATH/Database/BaseConnection.php(648): CodeIgniter\Database\BaseConnection->simpleQuery()
 4 SYSTEMPATH/Database/BaseBuilder.php(2332): CodeIgniter\Database\BaseConnection->query()
 5 SYSTEMPATH/Model.php(394): CodeIgniter\Database\BaseBuilder->insert()
 6 SYSTEMPATH/BaseModel.php(840): CodeIgniter\Model->doInsert()
 7 SYSTEMPATH/Model.php(802): CodeIgniter\BaseModel->insert()
 8 SYSTEMPATH/BaseModel.php(751): CodeIgniter\Model->insert()
 9 APPPATH/Controllers/Recursos.php(386): CodeIgniter\BaseModel->save()
10 SYSTEMPATH/CodeIgniter.php(933): App\Controllers\Recursos->store()
11 SYSTEMPATH/CodeIgniter.php(509): CodeIgniter\CodeIgniter->runController()
12 SYSTEMPATH/CodeIgniter.php(355): CodeIgniter\CodeIgniter->handleRequest()
13 SYSTEMPATH/Boot.php(325): CodeIgniter\CodeIgniter->run()
14 SYSTEMPATH/Boot.php(67): CodeIgniter\Boot::runCodeIgniter()
15 FCPATH/index.php(56): CodeIgniter\Boot::bootWeb()
16 SYSTEMPATH/rewrite.php(44): require_once('/run/media/degante/DEV/enDesarrollo/biblioteca/public/index.php')
INFO - 2024-10-28 21:47:58 --> Session: Class initialized using 'CodeIgniter\Session\Handlers\FileHandler' driver.
ERROR - 2024-10-28 21:47:58 --> mysqli_sql_exception: Column 'genero' cannot be null in /run/media/degante/DEV/enDesarrollo/biblioteca/system/Database/MySQLi/Connection.php:312
Stack trace:
#0 /run/media/degante/DEV/enDesarrollo/biblioteca/system/Database/MySQLi/Connection.php(312): mysqli->query()
#1 /run/media/degante/DEV/enDesarrollo/biblioteca/system/Database/BaseConnection.php(734): CodeIgniter\Database\MySQLi\Connection->execute()
#2 /run/media/degante/DEV/enDesarrollo/biblioteca/system/Database/BaseConnection.php(648): CodeIgniter\Database\BaseConnection->simpleQuery()
#3 /run/media/degante/DEV/enDesarrollo/biblioteca/system/Database/BaseBuilder.php(2332): CodeIgniter\Database\BaseConnection->query()
#4 /run/media/degante/DEV/enDesarrollo/biblioteca/system/Model.php(394): CodeIgniter\Database\BaseBuilder->insert()
#5 /run/media/degante/DEV/enDesarrollo/biblioteca/system/BaseModel.php(840): CodeIgniter\Model->doInsert()
#6 /run/media/degante/DEV/enDesarrollo/biblioteca/system/Model.php(802): CodeIgniter\BaseModel->insert()
#7 /run/media/degante/DEV/enDesarrollo/biblioteca/system/BaseModel.php(751): CodeIgniter\Model->insert()
#8 /run/media/degante/DEV/enDesarrollo/biblioteca/app/Controllers/Recursos.php(386): CodeIgniter\BaseModel->save()
#9 /run/media/degante/DEV/enDesarrollo/biblioteca/system/CodeIgniter.php(933): App\Controllers\Recursos->store()
#10 /run/media/degante/DEV/enDesarrollo/biblioteca/system/CodeIgniter.php(509): CodeIgniter\CodeIgniter->runController()
#11 /run/media/degante/DEV/enDesarrollo/biblioteca/system/CodeIgniter.php(355): CodeIgniter\CodeIgniter->handleRequest()
#12 /run/media/degante/DEV/enDesarrollo/biblioteca/system/Boot.php(325): CodeIgniter\CodeIgniter->run()
#13 /run/media/degante/DEV/enDesarrollo/biblioteca/system/Boot.php(67): CodeIgniter\Boot::runCodeIgniter()
#14 /run/media/degante/DEV/enDesarrollo/biblioteca/public/index.php(56): CodeIgniter\Boot::bootWeb()
#15 /run/media/degante/DEV/enDesarrollo/biblioteca/system/rewrite.php(44): require_once('...')
#16 {main}
CRITICAL - 2024-10-28 21:47:58 --> CodeIgniter\Database\Exceptions\DatabaseException: Column 'genero' cannot be null
[Method: POST, Route: admin/recursos/step5]
in SYSTEMPATH/Database/BaseConnection.php on line 688.
 1 SYSTEMPATH/Database/BaseBuilder.php(2332): CodeIgniter\Database\BaseConnection->query()
 2 SYSTEMPATH/Model.php(394): CodeIgniter\Database\BaseBuilder->insert()
 3 SYSTEMPATH/BaseModel.php(840): CodeIgniter\Model->doInsert()
 4 SYSTEMPATH/Model.php(802): CodeIgniter\BaseModel->insert()
 5 SYSTEMPATH/BaseModel.php(751): CodeIgniter\Model->insert()
 6 APPPATH/Controllers/Recursos.php(386): CodeIgniter\BaseModel->save()
 7 SYSTEMPATH/CodeIgniter.php(933): App\Controllers\Recursos->store()
 8 SYSTEMPATH/CodeIgniter.php(509): CodeIgniter\CodeIgniter->runController()
 9 SYSTEMPATH/CodeIgniter.php(355): CodeIgniter\CodeIgniter->handleRequest()
10 SYSTEMPATH/Boot.php(325): CodeIgniter\CodeIgniter->run()
11 SYSTEMPATH/Boot.php(67): CodeIgniter\Boot::runCodeIgniter()
12 FCPATH/index.php(56): CodeIgniter\Boot::bootWeb()
13 SYSTEMPATH/rewrite.php(44): require_once('/run/media/degante/DEV/enDesarrollo/biblioteca/public/index.php')
CRITICAL - 2024-10-28 21:47:58 --> [Caused by] CodeIgniter\Database\Exceptions\DatabaseException: Column 'genero' cannot be null
in SYSTEMPATH/Database/MySQLi/Connection.php on line 317.
 1 SYSTEMPATH/Database/BaseConnection.php(734): CodeIgniter\Database\MySQLi\Connection->execute()
 2 SYSTEMPATH/Database/BaseConnection.php(648): CodeIgniter\Database\BaseConnection->simpleQuery()
 3 SYSTEMPATH/Database/BaseBuilder.php(2332): CodeIgniter\Database\BaseConnection->query()
 4 SYSTEMPATH/Model.php(394): CodeIgniter\Database\BaseBuilder->insert()
 5 SYSTEMPATH/BaseModel.php(840): CodeIgniter\Model->doInsert()
 6 SYSTEMPATH/Model.php(802): CodeIgniter\BaseModel->insert()
 7 SYSTEMPATH/BaseModel.php(751): CodeIgniter\Model->insert()
 8 APPPATH/Controllers/Recursos.php(386): CodeIgniter\BaseModel->save()
 9 SYSTEMPATH/CodeIgniter.php(933): App\Controllers\Recursos->store()
10 SYSTEMPATH/CodeIgniter.php(509): CodeIgniter\CodeIgniter->runController()
11 SYSTEMPATH/CodeIgniter.php(355): CodeIgniter\CodeIgniter->handleRequest()
12 SYSTEMPATH/Boot.php(325): CodeIgniter\CodeIgniter->run()
13 SYSTEMPATH/Boot.php(67): CodeIgniter\Boot::runCodeIgniter()
14 FCPATH/index.php(56): CodeIgniter\Boot::bootWeb()
15 SYSTEMPATH/rewrite.php(44): require_once('/run/media/degante/DEV/enDesarrollo/biblioteca/public/index.php')
CRITICAL - 2024-10-28 21:47:58 --> [Caused by] mysqli_sql_exception: Column 'genero' cannot be null
in SYSTEMPATH/Database/MySQLi/Connection.php on line 312.
 1 SYSTEMPATH/Database/MySQLi/Connection.php(312): mysqli->query()
 2 SYSTEMPATH/Database/BaseConnection.php(734): CodeIgniter\Database\MySQLi\Connection->execute()
 3 SYSTEMPATH/Database/BaseConnection.php(648): CodeIgniter\Database\BaseConnection->simpleQuery()
 4 SYSTEMPATH/Database/BaseBuilder.php(2332): CodeIgniter\Database\BaseConnection->query()
 5 SYSTEMPATH/Model.php(394): CodeIgniter\Database\BaseBuilder->insert()
 6 SYSTEMPATH/BaseModel.php(840): CodeIgniter\Model->doInsert()
 7 SYSTEMPATH/Model.php(802): CodeIgniter\BaseModel->insert()
 8 SYSTEMPATH/BaseModel.php(751): CodeIgniter\Model->insert()
 9 APPPATH/Controllers/Recursos.php(386): CodeIgniter\BaseModel->save()
10 SYSTEMPATH/CodeIgniter.php(933): App\Controllers\Recursos->store()
11 SYSTEMPATH/CodeIgniter.php(509): CodeIgniter\CodeIgniter->runController()
12 SYSTEMPATH/CodeIgniter.php(355): CodeIgniter\CodeIgniter->handleRequest()
13 SYSTEMPATH/Boot.php(325): CodeIgniter\CodeIgniter->run()
14 SYSTEMPATH/Boot.php(67): CodeIgniter\Boot::runCodeIgniter()
15 FCPATH/index.php(56): CodeIgniter\Boot::bootWeb()
16 SYSTEMPATH/rewrite.php(44): require_once('/run/media/degante/DEV/enDesarrollo/biblioteca/public/index.php')
INFO - 2024-10-28 22:03:56 --> Session: Class initialized using 'CodeIgniter\Session\Handlers\FileHandler' driver.
